2026-06-01 23:14:21,087-INFO-MailParser-Программа запущена
2026-06-01 23:14:21,088-INFO-MailParser-Начата обработка писем через процессор
2026-06-01 23:14:21,088-INFO-MailParser-Начата обработка папки с неклассифицированными письмами}
2026-06-01 23:14:21,088-INFO-MailParser-Старая папка для отклассифицированных писем удалена: output
2026-06-01 23:14:21,098-INFO-MailParser-Новая папка для отклассифицированных писем создана: output
2026-06-01 23:14:21,099-INFO-MailParser-Начата обработка письма mail_0091.txt
2026-06-01 23:14:21,099-INFO-MailParser-Формат файла .txt
2026-06-01 23:14:21,099-INFO-MailParser-Файл mail_0091.txt в текстовом формате обработан
2026-06-01 23:14:21,099-INFO-MailParser-Файл отправлен в текстовый парсер
2026-06-01 23:14:21,099-INFO-MailParser-Начат анализ текста письма
2026-06-01 23:14:21,099-INFO-MailParser-Разбор письма завершён
2026-06-01 23:14:21,099-INFO-MailParser-Письмо mail_0091.txt обработано
2026-06-01 23:14:21,099-INFO-MailParser-Начало классификации письма
2026-06-01 23:14:21,100-INFO-MailParser-Письмо классифицировано в incidents
2026-06-01 23:14:21,100-INFO-MailParser-Письмо mail_0091.txt классифицировано в incidents
2026-06-01 23:14:21,100-INFO-MailParser-Письмо скопировано inbox/mail_0091.txt -> output/incidents/mail_0091.txt
2026-06-01 23:14:21,100-INFO-MailParser-Начата обработка письма mail_0085.txt
2026-06-01 23:14:21,100-INFO-MailParser-Формат файла .txt
2026-06-01 23:14:21,100-INFO-MailParser-Файл mail_0085.txt в текстовом формате обработан
2026-06-01 23:14:21,100-INFO-MailParser-Файл отправлен в текстовый парсер
2026-06-01 23:14:21,100-INFO-MailParser-Начат анализ текста письма
2026-06-01 23:14:21,100-INFO-MailParser-Разбор письма завершён
2026-06-01 23:14:21,100-INFO-MailParser-Письмо mail_0085.txt обработано
2026-06-01 23:14:21,100-INFO-MailParser-Начало классификации письма
2026-06-01 23:14:21,100-INFO-MailParser-Письмо классифицировано в request
2026-06-01 23:14:21,100-INFO-MailParser-Письмо mail_0085.txt классифицировано в request
2026-06-01 23:14:21,100-INFO-MailParser-Письмо скопировано inbox/mail_0085.txt -> output/request/mail_0085.txt
2026-06-01 23:14:21,100-INFO-MailParser-Начата обработка письма mail_0052.txt
2026-06-01 23:14:21,100-INFO-MailParser-Формат файла .txt
2026-06-01 23:14:21,100-INFO-MailParser-Файл mail_0052.txt в текстовом формате обработан
2026-06-01 23:14:21,100-INFO-MailParser-Файл отправлен в текстовый парсер
2026-06-01 23:14:21,100-INFO-MailParser-Начат анализ текста письма
2026-06-01 23:14:21,101-INFO-MailParser-Разбор письма завершён
2026-06-01 23:14:21,101-INFO-MailParser-Письмо mail_0052.txt обработано
2026-06-01 23:14:21,101-INFO-MailParser-Начало классификации письма
2026-06-01 23:14:21,101-INFO-MailParser-Письмо классифицировано в request
2026-06-01 23:14:21,101-INFO-MailParser-Письмо mail_0052.txt классифицировано в request
2026-06-01 23:14:21,101-INFO-MailParser-Письмо скопировано inbox/mail_0052.txt -> output/request/mail_0052.txt
2026-06-01 23:14:21,101-INFO-MailParser-Начата обработка письма mail_0046.txt
2026-06-01 23:14:21,101-INFO-MailParser-Формат файла .txt
2026-06-01 23:14:21,101-INFO-MailParser-Файл mail_0046.txt в текстовом формате обработан
2026-06-01 23:14:21,101-INFO-MailParser-Файл отправлен в текстовый парсер
2026-06-01 23:14:21,101-INFO-MailParser-Начат анализ текста письма
2026-06-01 23:14:21,101-INFO-MailParser-Разбор письма завершён
2026-06-01 23:14:21,101-INFO-MailParser-Письмо mail_0046.txt обработано
2026-06-01 23:14:21,101-INFO-MailParser-Начало классификации письма
2026-06-01 23:14:21,101-INFO-MailParser-Письмо классифицировано в incidents
2026-06-01 23:14:21,101-INFO-MailParser-Письмо mail_0046.txt классифицировано в incidents
2026-06-01 23:14:21,101-INFO-MailParser-Письмо скопировано inbox/mail_0046.txt -> output/incidents/mail_0046.txt
2026-06-01 23:14:21,101-INFO-MailParser-Начата обработка письма mail_0047.txt
2026-06-01 23:14:21,101-INFO-MailParser-Формат файла .txt
2026-06-01 23:14:21,101-INFO-MailParser-Файл mail_0047.txt в текстовом формате обработан
2026-06-01 23:14:21,101-INFO-MailParser-Файл отправлен в текстовый парсер
2026-06-01 23:14:21,101-INFO-MailParser-Начат анализ текста письма
2026-06-01 23:14:21,101-INFO-MailParser-Разбор письма завершён
2026-06-01 23:14:21,101-INFO-MailParser-Письмо mail_0047.txt обработано
2026-06-01 23:14:21,101-INFO-MailParser-Начало классификации письма
2026-06-01 23:14:21,101-INFO-MailParser-Письмо классифицировано в request
2026-06-01 23:14:21,101-INFO-MailParser-Письмо mail_0047.txt классифицировано в request
2026-06-01 23:14:21,102-INFO-MailParser-Письмо скопировано inbox/mail_0047.txt -> output/request/mail_0047.txt
2026-06-01 23:14:21,102-INFO-MailParser-Начата обработка письма mail_0053.txt
2026-06-01 23:14:21,102-INFO-MailParser-Формат файла .txt
2026-06-01 23:14:21,102-INFO-MailParser-Файл mail_0053.txt в текстовом формате обработан
2026-06-01 23:14:21,102-INFO-MailParser-Файл отправлен в текстовый парсер
2026-06-01 23:14:21,102-INFO-MailParser-Начат анализ текста письма
2026-06-01 23:14:21,102-INFO-MailParser-Разбор письма завершён
2026-06-01 23:14:21,102-INFO-MailParser-Письмо mail_0053.txt обработано
2026-06-01 23:14:21,102-INFO-MailParser-Начало классификации письма
2026-06-01 23:14:21,102-INFO-MailParser-Письмо классифицировано в request
2026-06-01 23:14:21,102-INFO-MailParser-Письмо mail_0053.txt классифицировано в request
2026-06-01 23:14:21,102-INFO-MailParser-Письмо скопировано inbox/mail_0053.txt -> output/request/mail_0053.txt
2026-06-01 23:14:21,102-INFO-MailParser-Начата обработка письма mail_0084.txt
2026-06-01 23:14:21,102-INFO-MailParser-Формат файла .txt
2026-06-01 23:14:21,102-INFO-MailParser-Файл mail_0084.txt в текстовом формате обработан
2026-06-01 23:14:21,102-INFO-MailParser-Файл отправлен в текстовый парсер
2026-06-01 23:14:21,102-INFO-MailParser-Начат анализ текста письма
2026-06-01 23:14:21,102-INFO-MailParser-Разбор письма завершён
2026-06-01 23:14:21,102-INFO-MailParser-Письмо mail_0084.txt обработано
2026-06-01 23:14:21,102-INFO-MailParser-Начало классификации письма
2026-06-01 23:14:21,102-INFO-MailParser-Письмо классифицировано в request
2026-06-01 23:14:21,102-INFO-MailParser-Письмо mail_0084.txt классифицировано в request
2026-06-01 23:14:21,103-INFO-MailParser-Письмо скопировано inbox/mail_0084.txt -> output/request/mail_0084.txt
2026-06-01 23:14:21,103-INFO-MailParser-Начата обработка письма mail_0090.txt
2026-06-01 23:14:21,103-INFO-MailParser-Формат файла .txt
2026-06-01 23:14:21,103-INFO-MailParser-Файл mail_0090.txt в текстовом формате обработан
2026-06-01 23:14:21,103-INFO-MailParser-Файл отправлен в текстовый парсер
2026-06-01 23:14:21,103-INFO-MailParser-Начат анализ текста письма
2026-06-01 23:14:21,103-INFO-MailParser-Разбор письма завершён
2026-06-01 23:14:21,103-INFO-MailParser-Письмо mail_0090.txt обработано
2026-06-01 23:14:21,103-INFO-MailParser-Начало классификации письма
2026-06-01 23:14:21,103-INFO-MailParser-Письмо классифицировано в request
2026-06-01 23:14:21,103-INFO-MailParser-Письмо mail_0090.txt классифицировано в request
2026-06-01 23:14:21,103-INFO-MailParser-Письмо скопировано inbox/mail_0090.txt -> output/request/mail_0090.txt
2026-06-01 23:14:21,103-INFO-MailParser-Начата обработка письма mail_0106
2026-06-01 23:14:21,103-INFO-MailParser-Формат файла без расширения
2026-06-01 23:14:21,103-INFO-MailParser-Файл mail_0106 в текстовом формате обработан
2026-06-01 23:14:21,103-INFO-MailParser-Файл отправлен в текстовый парсер
2026-06-01 23:14:21,103-INFO-MailParser-Начат анализ текста письма
2026-06-01 23:14:21,103-INFO-MailParser-Разбор письма завершён
2026-06-01 23:14:21,103-INFO-MailParser-Письмо mail_0106 обработано
2026-06-01 23:14:21,103-INFO-MailParser-Начало классификации письма
2026-06-01 23:14:21,103-INFO-MailParser-Письмо классифицировано в incidents
2026-06-01 23:14:21,103-INFO-MailParser-Письмо mail_0106 классифицировано в incidents
2026-06-01 23:14:21,103-INFO-MailParser-Письмо скопировано inbox/mail_0106 -> output/incidents/mail_0106
2026-06-01 23:14:21,103-INFO-MailParser-Начата обработка письма mail_0086.txt
2026-06-01 23:14:21,103-INFO-MailParser-Формат файла .txt
2026-06-01 23:14:21,103-INFO-MailParser-Файл mail_0086.txt в текстовом формате обработан
2026-06-01 23:14:21,103-INFO-MailParser-Файл отправлен в текстовый парсер
2026-06-01 23:14:21,103-INFO-MailParser-Начат анализ текста письма
2026-06-01 23:14:21,103-INFO-MailParser-Разбор письма завершён
2026-06-01 23:14:21,103-INFO-MailParser-Письмо mail_0086.txt обработано
2026-06-01 23:14:21,103-INFO-MailParser-Начало классификации письма
2026-06-01 23:14:21,104-INFO-MailParser-Письмо классифицировано в finance
2026-06-01 23:14:21,104-INFO-MailParser-Письмо mail_0086.txt классифицировано в finance
2026-06-01 23:14:21,104-INFO-MailParser-Письмо скопировано inbox/mail_0086.txt -> output/finance/mail_0086.txt
2026-06-01 23:14:21,104-INFO-MailParser-Начата обработка письма mail_0092.txt
2026-06-01 23:14:21,104-INFO-MailParser-Формат файла .txt
2026-06-01 23:14:21,104-INFO-MailParser-Файл mail_0092.txt в текстовом формате обработан
2026-06-01 23:14:21,104-INFO-MailParser-Файл отправлен в текстовый парсер
2026-06-01 23:14:21,104-INFO-MailParser-Начат анализ текста письма
2026-06-01 23:14:21,104-INFO-MailParser-Разбор письма завершён
2026-06-01 23:14:21,104-INFO-MailParser-Письмо mail_0092.txt обработано
2026-06-01 23:14:21,104-INFO-MailParser-Начало классификации письма
2026-06-01 23:14:21,104-INFO-MailParser-Письмо классифицировано в finance
2026-06-01 23:14:21,104-INFO-MailParser-Письмо mail_0092.txt классифицировано в finance
2026-06-01 23:14:21,104-INFO-MailParser-Письмо скопировано inbox/mail_0092.txt -> output/finance/mail_0092.txt
2026-06-01 23:14:21,104-INFO-MailParser-Начата обработка письма mail_0079.txt
2026-06-01 23:14:21,104-INFO-MailParser-Формат файла .txt
2026-06-01 23:14:21,104-INFO-MailParser-Файл mail_0079.txt в текстовом формате обработан
2026-06-01 23:14:21,104-INFO-MailParser-Файл отправлен в текстовый парсер
2026-06-01 23:14:21,104-INFO-MailParser-Начат анализ текста письма
2026-06-01 23:14:21,104-INFO-MailParser-Разбор письма завершён
2026-06-01 23:14:21,104-INFO-MailParser-Письмо mail_0079.txt обработано
2026-06-01 23:14:21,104-INFO-MailParser-Начало классификации письма
2026-06-01 23:14:21,104-INFO-MailParser-Письмо классифицировано в request
2026-06-01 23:14:21,104-INFO-MailParser-Письмо mail_0079.txt классифицировано в request
2026-06-01 23:14:21,104-INFO-MailParser-Письмо скопировано inbox/mail_0079.txt -> output/request/mail_0079.txt
2026-06-01 23:14:21,104-INFO-MailParser-Начата обработка письма mail_0045.txt
2026-06-01 23:14:21,104-INFO-MailParser-Формат файла .txt
2026-06-01 23:14:21,105-INFO-MailParser-Файл mail_0045.txt в текстовом формате обработан
2026-06-01 23:14:21,105-INFO-MailParser-Файл отправлен в текстовый парсер
2026-06-01 23:14:21,105-INFO-MailParser-Начат анализ текста письма
2026-06-01 23:14:21,105-INFO-MailParser-Разбор письма завершён
2026-06-01 23:14:21,105-INFO-MailParser-Письмо mail_0045.txt обработано
2026-06-01 23:14:21,105-INFO-MailParser-Начало классификации письма
2026-06-01 23:14:21,105-INFO-MailParser-Письмо классифицировано в incidents
2026-06-01 23:14:21,105-INFO-MailParser-Письмо mail_0045.txt классифицировано в incidents
2026-06-01 23:14:21,105-INFO-MailParser-Письмо скопировано inbox/mail_0045.txt -> output/incidents/mail_0045.txt
2026-06-01 23:14:21,105-INFO-MailParser-Начата обработка письма mail_0051.txt
2026-06-01 23:14:21,105-INFO-MailParser-Формат файла .txt
2026-06-01 23:14:21,105-INFO-MailParser-Файл mail_0051.txt в текстовом формате обработан
2026-06-01 23:14:21,105-INFO-MailParser-Файл отправлен в текстовый парсер
2026-06-01 23:14:21,105-INFO-MailParser-Начат анализ текста письма
2026-06-01 23:14:21,105-INFO-MailParser-Разбор письма завершён
2026-06-01 23:14:21,105-INFO-MailParser-Письмо mail_0051.txt обработано
2026-06-01 23:14:21,105-INFO-MailParser-Начало классификации письма
2026-06-01 23:14:21,105-INFO-MailParser-Письмо классифицировано в incidents
2026-06-01 23:14:21,105-INFO-MailParser-Письмо mail_0051.txt классифицировано в incidents
2026-06-01 23:14:21,105-INFO-MailParser-Письмо скопировано inbox/mail_0051.txt -> output/incidents/mail_0051.txt
2026-06-01 23:14:21,105-INFO-MailParser-Начата обработка письма mail_0050.txt
2026-06-01 23:14:21,105-INFO-MailParser-Формат файла .txt
2026-06-01 23:14:21,105-INFO-MailParser-Файл mail_0050.txt в текстовом формате обработан
2026-06-01 23:14:21,105-INFO-MailParser-Файл отправлен в текстовый парсер
2026-06-01 23:14:21,105-INFO-MailParser-Начат анализ текста письма
2026-06-01 23:14:21,105-INFO-MailParser-Разбор письма завершён
2026-06-01 23:14:21,105-INFO-MailParser-Письмо mail_0050.txt обработано
2026-06-01 23:14:21,105-INFO-MailParser-Начало классификации письма
2026-06-01 23:14:21,105-INFO-MailParser-Письмо классифицировано в request
2026-06-01 23:14:21,105-INFO-MailParser-Письмо mail_0050.txt классифицировано в request
2026-06-01 23:14:21,105-INFO-MailParser-Письмо скопировано inbox/mail_0050.txt -> output/request/mail_0050.txt
2026-06-01 23:14:21,105-INFO-MailParser-Начата обработка письма mail_0044.txt
2026-06-01 23:14:21,105-INFO-MailParser-Формат файла .txt
2026-06-01 23:14:21,106-INFO-MailParser-Файл mail_0044.txt в текстовом формате обработан
2026-06-01 23:14:21,106-INFO-MailParser-Файл отправлен в текстовый парсер
2026-06-01 23:14:21,106-INFO-MailParser-Начат анализ текста письма
2026-06-01 23:14:21,106-INFO-MailParser-Разбор письма завершён
2026-06-01 23:14:21,106-INFO-MailParser-Письмо mail_0044.txt обработано
2026-06-01 23:14:21,106-INFO-MailParser-Начало классификации письма
2026-06-01 23:14:21,106-INFO-MailParser-Письмо классифицировано в request
2026-06-01 23:14:21,106-INFO-MailParser-Письмо mail_0044.txt классифицировано в request
2026-06-01 23:14:21,106-INFO-MailParser-Письмо скопировано inbox/mail_0044.txt -> output/request/mail_0044.txt
2026-06-01 23:14:21,106-INFO-MailParser-Начата обработка письма mail_0078.txt
2026-06-01 23:14:21,106-INFO-MailParser-Формат файла .txt
2026-06-01 23:14:21,106-INFO-MailParser-Файл mail_0078.txt в текстовом формате обработан
2026-06-01 23:14:21,106-INFO-MailParser-Файл отправлен в текстовый парсер
2026-06-01 23:14:21,106-INFO-MailParser-Начат анализ текста письма
2026-06-01 23:14:21,106-INFO-MailParser-Разбор письма завершён
2026-06-01 23:14:21,106-INFO-MailParser-Письмо mail_0078.txt обработано
2026-06-01 23:14:21,106-INFO-MailParser-Начало классификации письма
2026-06-01 23:14:21,106-INFO-MailParser-Письмо классифицировано в request
2026-06-01 23:14:21,106-INFO-MailParser-Письмо mail_0078.txt классифицировано в request
2026-06-01 23:14:21,106-INFO-MailParser-Письмо скопировано inbox/mail_0078.txt -> output/request/mail_0078.txt
2026-06-01 23:14:21,106-INFO-MailParser-Начата обработка письма mail_0093.txt
2026-06-01 23:14:21,106-INFO-MailParser-Формат файла .txt
2026-06-01 23:14:21,107-INFO-MailParser-Файл mail_0093.txt в текстовом формате обработан
2026-06-01 23:14:21,107-INFO-MailParser-Файл отправлен в текстовый парсер
2026-06-01 23:14:21,107-INFO-MailParser-Начат анализ текста письма
2026-06-01 23:14:21,107-INFO-MailParser-Разбор письма завершён
2026-06-01 23:14:21,107-INFO-MailParser-Письмо mail_0093.txt обработано
2026-06-01 23:14:21,107-INFO-MailParser-Начало классификации письма
2026-06-01 23:14:21,107-INFO-MailParser-Письмо классифицировано в spam
2026-06-01 23:14:21,107-INFO-MailParser-Письмо mail_0093.txt классифицировано в spam
2026-06-01 23:14:21,107-INFO-MailParser-Письмо скопировано inbox/mail_0093.txt -> output/spam/mail_0093.txt
2026-06-01 23:14:21,107-INFO-MailParser-Начата обработка письма mail_0087.txt
2026-06-01 23:14:21,107-INFO-MailParser-Формат файла .txt
2026-06-01 23:14:21,107-INFO-MailParser-Файл mail_0087.txt в текстовом формате обработан
2026-06-01 23:14:21,107-INFO-MailParser-Файл отправлен в текстовый парсер
2026-06-01 23:14:21,107-INFO-MailParser-Начат анализ текста письма
2026-06-01 23:14:21,107-INFO-MailParser-Разбор письма завершён
2026-06-01 23:14:21,107-INFO-MailParser-Письмо mail_0087.txt обработано
2026-06-01 23:14:21,107-INFO-MailParser-Начало классификации письма
2026-06-01 23:14:21,107-INFO-MailParser-Письмо классифицировано в spam
2026-06-01 23:14:21,107-INFO-MailParser-Письмо mail_0087.txt классифицировано в spam
2026-06-01 23:14:21,107-INFO-MailParser-Письмо скопировано inbox/mail_0087.txt -> output/spam/mail_0087.txt
2026-06-01 23:14:21,107-INFO-MailParser-Начата обработка письма mail_0108.txt
2026-06-01 23:14:21,107-INFO-MailParser-Формат файла .txt
2026-06-01 23:14:21,108-INFO-MailParser-Файл mail_0108.txt в текстовом формате обработан
2026-06-01 23:14:21,108-INFO-MailParser-Файл отправлен в текстовый парсер
2026-06-01 23:14:21,108-INFO-MailParser-Начат анализ текста письма
2026-06-01 23:14:21,108-INFO-MailParser-Разбор письма завершён
2026-06-01 23:14:21,108-INFO-MailParser-Письмо mail_0108.txt обработано
2026-06-01 23:14:21,108-INFO-MailParser-Начало классификации письма
2026-06-01 23:14:21,108-INFO-MailParser-Нет совпадений с ключевыми словами категорий. Назначена категория: unknown
2026-06-01 23:14:21,108-INFO-MailParser-Письмо mail_0108.txt классифицировано в unknown
2026-06-01 23:14:21,108-INFO-MailParser-Письмо скопировано inbox/mail_0108.txt -> output/unknown/mail_0108.txt
2026-06-01 23:14:21,108-INFO-MailParser-Начата обработка письма mail_0083.txt
2026-06-01 23:14:21,108-INFO-MailParser-Формат файла .txt
2026-06-01 23:14:21,108-INFO-MailParser-Файл mail_0083.txt в текстовом формате обработан
2026-06-01 23:14:21,108-INFO-MailParser-Файл отправлен в текстовый парсер
2026-06-01 23:14:21,108-INFO-MailParser-Начат анализ текста письма
2026-06-01 23:14:21,108-INFO-MailParser-Разбор письма завершён
2026-06-01 23:14:21,108-INFO-MailParser-Письмо mail_0083.txt обработано
2026-06-01 23:14:21,108-INFO-MailParser-Начало классификации письма
2026-06-01 23:14:21,108-INFO-MailParser-Письмо классифицировано в request
2026-06-01 23:14:21,108-INFO-MailParser-Письмо mail_0083.txt классифицировано в request
2026-06-01 23:14:21,108-INFO-MailParser-Письмо скопировано inbox/mail_0083.txt -> output/request/mail_0083.txt
2026-06-01 23:14:21,108-INFO-MailParser-Начата обработка письма mail_0097.txt
2026-06-01 23:14:21,108-INFO-MailParser-Формат файла .txt
2026-06-01 23:14:21,108-INFO-MailParser-Файл mail_0097.txt в текстовом формате обработан
2026-06-01 23:14:21,108-INFO-MailParser-Файл отправлен в текстовый парсер
2026-06-01 23:14:21,108-INFO-MailParser-Начат анализ текста письма
2026-06-01 23:14:21,108-INFO-MailParser-Разбор письма завершён
2026-06-01 23:14:21,108-INFO-MailParser-Письмо mail_0097.txt обработано
2026-06-01 23:14:21,108-INFO-MailParser-Начало классификации письма
2026-06-01 23:14:21,108-INFO-MailParser-Письмо классифицировано в request
2026-06-01 23:14:21,108-INFO-MailParser-Письмо mail_0097.txt классифицировано в request
2026-06-01 23:14:21,108-INFO-MailParser-Письмо скопировано inbox/mail_0097.txt -> output/request/mail_0097.txt
2026-06-01 23:14:21,108-INFO-MailParser-Начата обработка письма mail_0040.txt
2026-06-01 23:14:21,108-INFO-MailParser-Формат файла .txt
2026-06-01 23:14:21,108-INFO-MailParser-Файл mail_0040.txt в текстовом формате обработан
2026-06-01 23:14:21,108-INFO-MailParser-Файл отправлен в текстовый парсер
2026-06-01 23:14:21,108-INFO-MailParser-Начат анализ текста письма
2026-06-01 23:14:21,108-INFO-MailParser-Разбор письма завершён
2026-06-01 23:14:21,109-INFO-MailParser-Письмо mail_0040.txt обработано
2026-06-01 23:14:21,109-INFO-MailParser-Начало классификации письма
2026-06-01 23:14:21,109-INFO-MailParser-Письмо классифицировано в request
2026-06-01 23:14:21,109-INFO-MailParser-Письмо mail_0040.txt классифицировано в request
2026-06-01 23:14:21,109-INFO-MailParser-Письмо скопировано inbox/mail_0040.txt -> output/request/mail_0040.txt
2026-06-01 23:14:21,109-INFO-MailParser-Начата обработка письма mail_0054.txt
2026-06-01 23:14:21,109-INFO-MailParser-Формат файла .txt
2026-06-01 23:14:21,109-INFO-MailParser-Файл mail_0054.txt в текстовом формате обработан
2026-06-01 23:14:21,109-INFO-MailParser-Файл отправлен в текстовый парсер
2026-06-01 23:14:21,109-INFO-MailParser-Начат анализ текста письма
2026-06-01 23:14:21,109-INFO-MailParser-Разбор письма завершён
2026-06-01 23:14:21,109-INFO-MailParser-Письмо mail_0054.txt обработано
2026-06-01 23:14:21,109-INFO-MailParser-Начало классификации письма
2026-06-01 23:14:21,109-INFO-MailParser-Письмо классифицировано в finance
2026-06-01 23:14:21,109-INFO-MailParser-Письмо mail_0054.txt классифицировано в finance
2026-06-01 23:14:21,109-INFO-MailParser-Письмо скопировано inbox/mail_0054.txt -> output/finance/mail_0054.txt
2026-06-01 23:14:21,109-INFO-MailParser-Начата обработка письма mail_0068.txt
2026-06-01 23:14:21,109-INFO-MailParser-Формат файла .txt
2026-06-01 23:14:21,109-INFO-MailParser-Файл mail_0068.txt в текстовом формате обработан
2026-06-01 23:14:21,109-INFO-MailParser-Файл отправлен в текстовый парсер
2026-06-01 23:14:21,109-INFO-MailParser-Начат анализ текста письма
2026-06-01 23:14:21,109-INFO-MailParser-Разбор письма завершён
2026-06-01 23:14:21,109-INFO-MailParser-Письмо mail_0068.txt обработано
2026-06-01 23:14:21,109-INFO-MailParser-Начало классификации письма
2026-06-01 23:14:21,109-INFO-MailParser-Письмо классифицировано в request
2026-06-01 23:14:21,109-INFO-MailParser-Письмо mail_0068.txt классифицировано в request
2026-06-01 23:14:21,109-INFO-MailParser-Письмо скопировано inbox/mail_0068.txt -> output/request/mail_0068.txt
2026-06-01 23:14:21,109-INFO-MailParser-Начата обработка письма mail_0069.txt
2026-06-01 23:14:21,109-INFO-MailParser-Формат файла .txt
2026-06-01 23:14:21,110-INFO-MailParser-Файл mail_0069.txt в текстовом формате обработан
2026-06-01 23:14:21,110-INFO-MailParser-Файл отправлен в текстовый парсер
2026-06-01 23:14:21,110-INFO-MailParser-Начат анализ текста письма
2026-06-01 23:14:21,110-INFO-MailParser-Разбор письма завершён
2026-06-01 23:14:21,110-INFO-MailParser-Письмо mail_0069.txt обработано
2026-06-01 23:14:21,110-INFO-MailParser-Начало классификации письма
2026-06-01 23:14:21,110-INFO-MailParser-Письмо классифицировано в request
2026-06-01 23:14:21,110-INFO-MailParser-Письмо mail_0069.txt классифицировано в request
2026-06-01 23:14:21,110-INFO-MailParser-Письмо скопировано inbox/mail_0069.txt -> output/request/mail_0069.txt
2026-06-01 23:14:21,110-INFO-MailParser-Начата обработка письма mail_0055.txt
2026-06-01 23:14:21,110-INFO-MailParser-Формат файла .txt
2026-06-01 23:14:21,111-INFO-MailParser-Файл mail_0055.txt в текстовом формате обработан
2026-06-01 23:14:21,111-INFO-MailParser-Файл отправлен в текстовый парсер
2026-06-01 23:14:21,111-INFO-MailParser-Начат анализ текста письма
2026-06-01 23:14:21,111-INFO-MailParser-Разбор письма завершён
2026-06-01 23:14:21,111-INFO-MailParser-Письмо mail_0055.txt обработано
2026-06-01 23:14:21,111-INFO-MailParser-Начало классификации письма
2026-06-01 23:14:21,111-INFO-MailParser-Письмо классифицировано в incidents
2026-06-01 23:14:21,111-INFO-MailParser-Письмо mail_0055.txt классифицировано в incidents
2026-06-01 23:14:21,111-INFO-MailParser-Письмо скопировано inbox/mail_0055.txt -> output/incidents/mail_0055.txt
2026-06-01 23:14:21,111-INFO-MailParser-Начата обработка письма mail_0041.txt
2026-06-01 23:14:21,111-INFO-MailParser-Формат файла .txt
2026-06-01 23:14:21,111-INFO-MailParser-Файл mail_0041.txt в текстовом формате обработан
2026-06-01 23:14:21,111-INFO-MailParser-Файл отправлен в текстовый парсер
2026-06-01 23:14:21,111-INFO-MailParser-Начат анализ текста письма
2026-06-01 23:14:21,111-INFO-MailParser-Разбор письма завершён
2026-06-01 23:14:21,111-INFO-MailParser-Письмо mail_0041.txt обработано
2026-06-01 23:14:21,111-INFO-MailParser-Начало классификации письма
2026-06-01 23:14:21,112-INFO-MailParser-Письмо классифицировано в spam
2026-06-01 23:14:21,112-INFO-MailParser-Письмо mail_0041.txt классифицировано в spam
2026-06-01 23:14:21,112-INFO-MailParser-Письмо скопировано inbox/mail_0041.txt -> output/spam/mail_0041.txt
2026-06-01 23:14:21,112-INFO-MailParser-Начата обработка письма mail_0096.txt
2026-06-01 23:14:21,112-INFO-MailParser-Формат файла .txt
2026-06-01 23:14:21,112-INFO-MailParser-Файл mail_0096.txt в текстовом формате обработан
2026-06-01 23:14:21,112-INFO-MailParser-Файл отправлен в текстовый парсер
2026-06-01 23:14:21,112-INFO-MailParser-Начат анализ текста письма
2026-06-01 23:14:21,112-INFO-MailParser-Разбор письма завершён
2026-06-01 23:14:21,112-INFO-MailParser-Письмо mail_0096.txt обработано
2026-06-01 23:14:21,112-INFO-MailParser-Начало классификации письма
2026-06-01 23:14:21,112-INFO-MailParser-Письмо классифицировано в request
2026-06-01 23:14:21,112-INFO-MailParser-Письмо mail_0096.txt классифицировано в request
2026-06-01 23:14:21,112-INFO-MailParser-Письмо скопировано inbox/mail_0096.txt -> output/request/mail_0096.txt
2026-06-01 23:14:21,112-INFO-MailParser-Начата обработка письма mail_0082.txt
2026-06-01 23:14:21,112-INFO-MailParser-Формат файла .txt
2026-06-01 23:14:21,112-INFO-MailParser-Файл mail_0082.txt в текстовом формате обработан
2026-06-01 23:14:21,112-INFO-MailParser-Файл отправлен в текстовый парсер
2026-06-01 23:14:21,112-INFO-MailParser-Начат анализ текста письма
2026-06-01 23:14:21,112-INFO-MailParser-Разбор письма завершён
2026-06-01 23:14:21,112-INFO-MailParser-Письмо mail_0082.txt обработано
2026-06-01 23:14:21,112-INFO-MailParser-Начало классификации письма
2026-06-01 23:14:21,112-INFO-MailParser-Письмо классифицировано в finance
2026-06-01 23:14:21,112-INFO-MailParser-Письмо mail_0082.txt классифицировано в finance
2026-06-01 23:14:21,112-INFO-MailParser-Письмо скопировано inbox/mail_0082.txt -> output/finance/mail_0082.txt
2026-06-01 23:14:21,112-INFO-MailParser-Начата обработка письма mail_0094.txt
2026-06-01 23:14:21,112-INFO-MailParser-Формат файла .txt
2026-06-01 23:14:21,112-INFO-MailParser-Файл mail_0094.txt в текстовом формате обработан
2026-06-01 23:14:21,112-INFO-MailParser-Файл отправлен в текстовый парсер
2026-06-01 23:14:21,112-INFO-MailParser-Начат анализ текста письма
2026-06-01 23:14:21,112-INFO-MailParser-Разбор письма завершён
2026-06-01 23:14:21,112-INFO-MailParser-Письмо mail_0094.txt обработано
2026-06-01 23:14:21,112-INFO-MailParser-Начало классификации письма
2026-06-01 23:14:21,112-INFO-MailParser-Письмо классифицировано в incidents
2026-06-01 23:14:21,112-INFO-MailParser-Письмо mail_0094.txt классифицировано в incidents
2026-06-01 23:14:21,113-INFO-MailParser-Письмо скопировано inbox/mail_0094.txt -> output/incidents/mail_0094.txt
2026-06-01 23:14:21,113-INFO-MailParser-Начата обработка письма mail_0080.txt
2026-06-01 23:14:21,113-INFO-MailParser-Формат файла .txt
2026-06-01 23:14:21,113-INFO-MailParser-Файл mail_0080.txt в текстовом формате обработан
2026-06-01 23:14:21,113-INFO-MailParser-Файл отправлен в текстовый парсер
2026-06-01 23:14:21,113-INFO-MailParser-Начат анализ текста письма
2026-06-01 23:14:21,113-INFO-MailParser-Разбор письма завершён
2026-06-01 23:14:21,113-INFO-MailParser-Письмо mail_0080.txt обработано
2026-06-01 23:14:21,113-INFO-MailParser-Начало классификации письма
2026-06-01 23:14:21,113-INFO-MailParser-Письмо классифицировано в finance
2026-06-01 23:14:21,113-INFO-MailParser-Письмо mail_0080.txt классифицировано в finance
2026-06-01 23:14:21,113-INFO-MailParser-Письмо скопировано inbox/mail_0080.txt -> output/finance/mail_0080.txt
2026-06-01 23:14:21,113-INFO-MailParser-Начата обработка письма mail_0057.txt
2026-06-01 23:14:21,113-INFO-MailParser-Формат файла .txt
2026-06-01 23:14:21,113-INFO-MailParser-Файл mail_0057.txt в текстовом формате обработан
2026-06-01 23:14:21,113-INFO-MailParser-Файл отправлен в текстовый парсер
2026-06-01 23:14:21,113-INFO-MailParser-Начат анализ текста письма
2026-06-01 23:14:21,113-INFO-MailParser-Разбор письма завершён
2026-06-01 23:14:21,113-INFO-MailParser-Письмо mail_0057.txt обработано
2026-06-01 23:14:21,113-INFO-MailParser-Начало классификации письма
2026-06-01 23:14:21,113-INFO-MailParser-Письмо классифицировано в request
2026-06-01 23:14:21,113-INFO-MailParser-Письмо mail_0057.txt классифицировано в request
2026-06-01 23:14:21,113-INFO-MailParser-Письмо скопировано inbox/mail_0057.txt -> output/request/mail_0057.txt
2026-06-01 23:14:21,113-INFO-MailParser-Начата обработка письма mail_0043.txt
2026-06-01 23:14:21,113-INFO-MailParser-Формат файла .txt
2026-06-01 23:14:21,113-INFO-MailParser-Файл mail_0043.txt в текстовом формате обработан
2026-06-01 23:14:21,113-INFO-MailParser-Файл отправлен в текстовый парсер
2026-06-01 23:14:21,113-INFO-MailParser-Начат анализ текста письма
2026-06-01 23:14:21,113-INFO-MailParser-Разбор письма завершён
2026-06-01 23:14:21,113-INFO-MailParser-Письмо mail_0043.txt обработано
2026-06-01 23:14:21,113-INFO-MailParser-Начало классификации письма
2026-06-01 23:14:21,113-INFO-MailParser-Письмо классифицировано в incidents
2026-06-01 23:14:21,113-INFO-MailParser-Письмо mail_0043.txt классифицировано в incidents
2026-06-01 23:14:21,113-INFO-MailParser-Письмо скопировано inbox/mail_0043.txt -> output/incidents/mail_0043.txt
2026-06-01 23:14:21,113-INFO-MailParser-Начата обработка письма mail_0042.txt
2026-06-01 23:14:21,113-INFO-MailParser-Формат файла .txt
2026-06-01 23:14:21,114-INFO-MailParser-Файл mail_0042.txt в текстовом формате обработан
2026-06-01 23:14:21,114-INFO-MailParser-Файл отправлен в текстовый парсер
2026-06-01 23:14:21,114-INFO-MailParser-Начат анализ текста письма
2026-06-01 23:14:21,114-INFO-MailParser-Разбор письма завершён
2026-06-01 23:14:21,114-INFO-MailParser-Письмо mail_0042.txt обработано
2026-06-01 23:14:21,114-INFO-MailParser-Начало классификации письма
2026-06-01 23:14:21,114-INFO-MailParser-Письмо классифицировано в incidents
2026-06-01 23:14:21,114-INFO-MailParser-Письмо mail_0042.txt классифицировано в incidents
2026-06-01 23:14:21,114-INFO-MailParser-Письмо скопировано inbox/mail_0042.txt -> output/incidents/mail_0042.txt
2026-06-01 23:14:21,114-INFO-MailParser-Начата обработка письма mail_0056.txt
2026-06-01 23:14:21,114-INFO-MailParser-Формат файла .txt
2026-06-01 23:14:21,114-INFO-MailParser-Файл mail_0056.txt в текстовом формате обработан
2026-06-01 23:14:21,114-INFO-MailParser-Файл отправлен в текстовый парсер
2026-06-01 23:14:21,114-INFO-MailParser-Начат анализ текста письма
2026-06-01 23:14:21,114-INFO-MailParser-Разбор письма завершён
2026-06-01 23:14:21,114-INFO-MailParser-Письмо mail_0056.txt обработано
2026-06-01 23:14:21,114-INFO-MailParser-Начало классификации письма
2026-06-01 23:14:21,114-INFO-MailParser-Письмо классифицировано в finance
2026-06-01 23:14:21,114-INFO-MailParser-Письмо mail_0056.txt классифицировано в finance
2026-06-01 23:14:21,114-INFO-MailParser-Письмо скопировано inbox/mail_0056.txt -> output/finance/mail_0056.txt
2026-06-01 23:14:21,114-INFO-MailParser-Начата обработка письма mail_0081.txt
2026-06-01 23:14:21,114-INFO-MailParser-Формат файла .txt
2026-06-01 23:14:21,114-INFO-MailParser-Файл mail_0081.txt в текстовом формате обработан
2026-06-01 23:14:21,114-INFO-MailParser-Файл отправлен в текстовый парсер
2026-06-01 23:14:21,114-INFO-MailParser-Начат анализ текста письма
2026-06-01 23:14:21,114-INFO-MailParser-Разбор письма завершён
2026-06-01 23:14:21,114-INFO-MailParser-Письмо mail_0081.txt обработано
2026-06-01 23:14:21,114-INFO-MailParser-Начало классификации письма
2026-06-01 23:14:21,114-INFO-MailParser-Письмо классифицировано в finance
2026-06-01 23:14:21,114-INFO-MailParser-Письмо mail_0081.txt классифицировано в finance
2026-06-01 23:14:21,114-INFO-MailParser-Письмо скопировано inbox/mail_0081.txt -> output/finance/mail_0081.txt
2026-06-01 23:14:21,114-INFO-MailParser-Начата обработка письма mail_0095.txt
2026-06-01 23:14:21,114-INFO-MailParser-Формат файла .txt
2026-06-01 23:14:21,114-INFO-MailParser-Файл mail_0095.txt в текстовом формате обработан
2026-06-01 23:14:21,114-INFO-MailParser-Файл отправлен в текстовый парсер
2026-06-01 23:14:21,114-INFO-MailParser-Начат анализ текста письма
2026-06-01 23:14:21,114-INFO-MailParser-Разбор письма завершён
2026-06-01 23:14:21,114-INFO-MailParser-Письмо mail_0095.txt обработано
2026-06-01 23:14:21,114-INFO-MailParser-Начало классификации письма
2026-06-01 23:14:21,115-INFO-MailParser-Письмо классифицировано в request
2026-06-01 23:14:21,115-INFO-MailParser-Письмо mail_0095.txt классифицировано в request
2026-06-01 23:14:21,115-INFO-MailParser-Письмо скопировано inbox/mail_0095.txt -> output/request/mail_0095.txt
2026-06-01 23:14:21,115-INFO-MailParser-Начата обработка письма mail_0105.json
2026-06-01 23:14:21,115-INFO-MailParser-Формат файла .json
2026-06-01 23:14:21,115-WARNING-MailParser-Файл mail_0105.json не является корректным JSON
2026-06-01 23:14:21,115-INFO-MailParser-Файл mail_0105.json в JSON формате обработан
2026-06-01 23:14:21,115-INFO-MailParser-Файл отправлен в текстовый парсер
2026-06-01 23:14:21,115-INFO-MailParser-Начат анализ текста письма
2026-06-01 23:14:21,115-INFO-MailParser-Разбор письма завершён
2026-06-01 23:14:21,115-INFO-MailParser-Письмо mail_0105.json обработано
2026-06-01 23:14:21,115-INFO-MailParser-Начало классификации письма
2026-06-01 23:14:21,115-INFO-MailParser-Письмо классифицировано в finance
2026-06-01 23:14:21,115-INFO-MailParser-Письмо mail_0105.json классифицировано в finance
2026-06-01 23:14:21,115-INFO-MailParser-Письмо скопировано inbox/mail_0105.json -> output/finance/mail_0105.json
2026-06-01 23:14:21,115-INFO-MailParser-Начата обработка письма mail_0019.txt
2026-06-01 23:14:21,115-INFO-MailParser-Формат файла .txt
2026-06-01 23:14:21,115-INFO-MailParser-Файл mail_0019.txt в текстовом формате обработан
2026-06-01 23:14:21,115-INFO-MailParser-Файл отправлен в текстовый парсер
2026-06-01 23:14:21,115-INFO-MailParser-Начат анализ текста письма
2026-06-01 23:14:21,115-INFO-MailParser-Разбор письма завершён
2026-06-01 23:14:21,115-INFO-MailParser-Письмо mail_0019.txt обработано
2026-06-01 23:14:21,115-INFO-MailParser-Начало классификации письма
2026-06-01 23:14:21,115-INFO-MailParser-Письмо классифицировано в finance
2026-06-01 23:14:21,115-INFO-MailParser-Письмо mail_0019.txt классифицировано в finance
2026-06-01 23:14:21,115-INFO-MailParser-Письмо скопировано inbox/mail_0019.txt -> output/finance/mail_0019.txt
2026-06-01 23:14:21,115-INFO-MailParser-Начата обработка письма mail_0031.txt
2026-06-01 23:14:21,115-INFO-MailParser-Формат файла .txt
2026-06-01 23:14:21,116-INFO-MailParser-Файл mail_0031.txt в текстовом формате обработан
2026-06-01 23:14:21,116-INFO-MailParser-Файл отправлен в текстовый парсер
2026-06-01 23:14:21,116-INFO-MailParser-Начат анализ текста письма
2026-06-01 23:14:21,116-INFO-MailParser-Разбор письма завершён
2026-06-01 23:14:21,116-INFO-MailParser-Письмо mail_0031.txt обработано
2026-06-01 23:14:21,116-INFO-MailParser-Начало классификации письма
2026-06-01 23:14:21,116-INFO-MailParser-Письмо классифицировано в finance
2026-06-01 23:14:21,116-INFO-MailParser-Письмо mail_0031.txt классифицировано в finance
2026-06-01 23:14:21,116-INFO-MailParser-Письмо скопировано inbox/mail_0031.txt -> output/finance/mail_0031.txt
2026-06-01 23:14:21,116-INFO-MailParser-Начата обработка письма mail_0025.txt
2026-06-01 23:14:21,116-INFO-MailParser-Формат файла .txt
2026-06-01 23:14:21,116-INFO-MailParser-Файл mail_0025.txt в текстовом формате обработан
2026-06-01 23:14:21,116-INFO-MailParser-Файл отправлен в текстовый парсер
2026-06-01 23:14:21,116-INFO-MailParser-Начат анализ текста письма
2026-06-01 23:14:21,116-INFO-MailParser-Разбор письма завершён
2026-06-01 23:14:21,116-INFO-MailParser-Письмо mail_0025.txt обработано
2026-06-01 23:14:21,116-INFO-MailParser-Начало классификации письма
2026-06-01 23:14:21,116-INFO-MailParser-Письмо классифицировано в request
2026-06-01 23:14:21,116-INFO-MailParser-Письмо mail_0025.txt классифицировано в request
2026-06-01 23:14:21,116-INFO-MailParser-Письмо скопировано inbox/mail_0025.txt -> output/request/mail_0025.txt
2026-06-01 23:14:21,116-INFO-MailParser-Начата обработка письма mail_0024.txt
2026-06-01 23:14:21,116-INFO-MailParser-Формат файла .txt
2026-06-01 23:14:21,116-INFO-MailParser-Файл mail_0024.txt в текстовом формате обработан
2026-06-01 23:14:21,116-INFO-MailParser-Файл отправлен в текстовый парсер
2026-06-01 23:14:21,116-INFO-MailParser-Начат анализ текста письма
2026-06-01 23:14:21,116-INFO-MailParser-Разбор письма завершён
2026-06-01 23:14:21,116-INFO-MailParser-Письмо mail_0024.txt обработано
2026-06-01 23:14:21,116-INFO-MailParser-Начало классификации письма
2026-06-01 23:14:21,116-INFO-MailParser-Письмо классифицировано в request
2026-06-01 23:14:21,116-INFO-MailParser-Письмо mail_0024.txt классифицировано в request
2026-06-01 23:14:21,116-INFO-MailParser-Письмо скопировано inbox/mail_0024.txt -> output/request/mail_0024.txt
2026-06-01 23:14:21,116-INFO-MailParser-Начата обработка письма mail_0030.txt
2026-06-01 23:14:21,116-INFO-MailParser-Формат файла .txt
2026-06-01 23:14:21,116-INFO-MailParser-Файл mail_0030.txt в текстовом формате обработан
2026-06-01 23:14:21,116-INFO-MailParser-Файл отправлен в текстовый парсер
2026-06-01 23:14:21,116-INFO-MailParser-Начат анализ текста письма
2026-06-01 23:14:21,116-INFO-MailParser-Разбор письма завершён
2026-06-01 23:14:21,116-INFO-MailParser-Письмо mail_0030.txt обработано
2026-06-01 23:14:21,116-INFO-MailParser-Начало классификации письма
2026-06-01 23:14:21,117-INFO-MailParser-Письмо классифицировано в request
2026-06-01 23:14:21,117-INFO-MailParser-Письмо mail_0030.txt классифицировано в request
2026-06-01 23:14:21,117-INFO-MailParser-Письмо скопировано inbox/mail_0030.txt -> output/request/mail_0030.txt
2026-06-01 23:14:21,117-INFO-MailParser-Начата обработка письма mail_0018.txt
2026-06-01 23:14:21,117-INFO-MailParser-Формат файла .txt
2026-06-01 23:14:21,117-INFO-MailParser-Файл mail_0018.txt в текстовом формате обработан
2026-06-01 23:14:21,117-INFO-MailParser-Файл отправлен в текстовый парсер
2026-06-01 23:14:21,117-INFO-MailParser-Начат анализ текста письма
2026-06-01 23:14:21,117-INFO-MailParser-Разбор письма завершён
2026-06-01 23:14:21,117-INFO-MailParser-Письмо mail_0018.txt обработано
2026-06-01 23:14:21,117-INFO-MailParser-Начало классификации письма
2026-06-01 23:14:21,117-INFO-MailParser-Письмо классифицировано в request
2026-06-01 23:14:21,117-INFO-MailParser-Письмо mail_0018.txt классифицировано в request
2026-06-01 23:14:21,117-INFO-MailParser-Письмо скопировано inbox/mail_0018.txt -> output/request/mail_0018.txt
2026-06-01 23:14:21,117-INFO-MailParser-Начата обработка письма mail_0026.txt
2026-06-01 23:14:21,117-INFO-MailParser-Формат файла .txt
2026-06-01 23:14:21,117-INFO-MailParser-Файл mail_0026.txt в текстовом формате обработан
2026-06-01 23:14:21,117-INFO-MailParser-Файл отправлен в текстовый парсер
2026-06-01 23:14:21,117-INFO-MailParser-Начат анализ текста письма
2026-06-01 23:14:21,117-INFO-MailParser-Разбор письма завершён
2026-06-01 23:14:21,117-INFO-MailParser-Письмо mail_0026.txt обработано
2026-06-01 23:14:21,117-INFO-MailParser-Начало классификации письма
2026-06-01 23:14:21,117-INFO-MailParser-Письмо классифицировано в request
2026-06-01 23:14:21,117-INFO-MailParser-Письмо mail_0026.txt классифицировано в request
2026-06-01 23:14:21,117-INFO-MailParser-Письмо скопировано inbox/mail_0026.txt -> output/request/mail_0026.txt
2026-06-01 23:14:21,117-INFO-MailParser-Начата обработка письма mail_0032.txt
2026-06-01 23:14:21,117-INFO-MailParser-Формат файла .txt
2026-06-01 23:14:21,117-INFO-MailParser-Файл mail_0032.txt в текстовом формате обработан
2026-06-01 23:14:21,117-INFO-MailParser-Файл отправлен в текстовый парсер
2026-06-01 23:14:21,117-INFO-MailParser-Начат анализ текста письма
2026-06-01 23:14:21,117-INFO-MailParser-Разбор письма завершён
2026-06-01 23:14:21,117-INFO-MailParser-Письмо mail_0032.txt обработано
2026-06-01 23:14:21,117-INFO-MailParser-Начало классификации письма
2026-06-01 23:14:21,117-INFO-MailParser-Письмо классифицировано в finance
2026-06-01 23:14:21,117-INFO-MailParser-Письмо mail_0032.txt классифицировано в finance
2026-06-01 23:14:21,118-INFO-MailParser-Письмо скопировано inbox/mail_0032.txt -> output/finance/mail_0032.txt
2026-06-01 23:14:21,118-INFO-MailParser-Начата обработка письма mail_0033.txt
2026-06-01 23:14:21,118-INFO-MailParser-Формат файла .txt
2026-06-01 23:14:21,118-INFO-MailParser-Файл mail_0033.txt в текстовом формате обработан
2026-06-01 23:14:21,118-INFO-MailParser-Файл отправлен в текстовый парсер
2026-06-01 23:14:21,118-INFO-MailParser-Начат анализ текста письма
2026-06-01 23:14:21,118-INFO-MailParser-Разбор письма завершён
2026-06-01 23:14:21,118-INFO-MailParser-Письмо mail_0033.txt обработано
2026-06-01 23:14:21,118-INFO-MailParser-Начало классификации письма
2026-06-01 23:14:21,118-INFO-MailParser-Письмо классифицировано в request
2026-06-01 23:14:21,118-INFO-MailParser-Письмо mail_0033.txt классифицировано в request
2026-06-01 23:14:21,118-INFO-MailParser-Письмо скопировано inbox/mail_0033.txt -> output/request/mail_0033.txt
2026-06-01 23:14:21,118-INFO-MailParser-Начата обработка письма mail_0027.txt
2026-06-01 23:14:21,118-INFO-MailParser-Формат файла .txt
2026-06-01 23:14:21,118-INFO-MailParser-Файл mail_0027.txt в текстовом формате обработан
2026-06-01 23:14:21,118-INFO-MailParser-Файл отправлен в текстовый парсер
2026-06-01 23:14:21,118-INFO-MailParser-Начат анализ текста письма
2026-06-01 23:14:21,118-INFO-MailParser-Разбор письма завершён
2026-06-01 23:14:21,118-INFO-MailParser-Письмо mail_0027.txt обработано
2026-06-01 23:14:21,118-INFO-MailParser-Начало классификации письма
2026-06-01 23:14:21,118-INFO-MailParser-Письмо классифицировано в request
2026-06-01 23:14:21,118-INFO-MailParser-Письмо mail_0027.txt классифицировано в request
2026-06-01 23:14:21,119-INFO-MailParser-Письмо скопировано inbox/mail_0027.txt -> output/request/mail_0027.txt
2026-06-01 23:14:21,119-INFO-MailParser-Начата обработка письма mail_0023.txt
2026-06-01 23:14:21,119-INFO-MailParser-Формат файла .txt
2026-06-01 23:14:21,119-INFO-MailParser-Файл mail_0023.txt в текстовом формате обработан
2026-06-01 23:14:21,119-INFO-MailParser-Файл отправлен в текстовый парсер
2026-06-01 23:14:21,119-INFO-MailParser-Начат анализ текста письма
2026-06-01 23:14:21,119-INFO-MailParser-Разбор письма завершён
2026-06-01 23:14:21,119-INFO-MailParser-Письмо mail_0023.txt обработано
2026-06-01 23:14:21,119-INFO-MailParser-Начало классификации письма
2026-06-01 23:14:21,119-INFO-MailParser-Письмо классифицировано в incidents
2026-06-01 23:14:21,119-INFO-MailParser-Письмо mail_0023.txt классифицировано в incidents
2026-06-01 23:14:21,119-INFO-MailParser-Письмо скопировано inbox/mail_0023.txt -> output/incidents/mail_0023.txt
2026-06-01 23:14:21,119-INFO-MailParser-Начата обработка письма mail_0037.txt
2026-06-01 23:14:21,119-INFO-MailParser-Формат файла .txt
2026-06-01 23:14:21,119-INFO-MailParser-Файл mail_0037.txt в текстовом формате обработан
2026-06-01 23:14:21,119-INFO-MailParser-Файл отправлен в текстовый парсер
2026-06-01 23:14:21,119-INFO-MailParser-Начат анализ текста письма
2026-06-01 23:14:21,119-INFO-MailParser-Разбор письма завершён
2026-06-01 23:14:21,119-INFO-MailParser-Письмо mail_0037.txt обработано
2026-06-01 23:14:21,119-INFO-MailParser-Начало классификации письма
2026-06-01 23:14:21,119-INFO-MailParser-Письмо классифицировано в finance
2026-06-01 23:14:21,119-INFO-MailParser-Письмо mail_0037.txt классифицировано в finance
2026-06-01 23:14:21,119-INFO-MailParser-Письмо скопировано inbox/mail_0037.txt -> output/finance/mail_0037.txt
2026-06-01 23:14:21,119-INFO-MailParser-Начата обработка письма mail_0036.txt
2026-06-01 23:14:21,119-INFO-MailParser-Формат файла .txt
2026-06-01 23:14:21,119-INFO-MailParser-Файл mail_0036.txt в текстовом формате обработан
2026-06-01 23:14:21,119-INFO-MailParser-Файл отправлен в текстовый парсер
2026-06-01 23:14:21,119-INFO-MailParser-Начат анализ текста письма
2026-06-01 23:14:21,119-INFO-MailParser-Разбор письма завершён
2026-06-01 23:14:21,119-INFO-MailParser-Письмо mail_0036.txt обработано
2026-06-01 23:14:21,119-INFO-MailParser-Начало классификации письма
2026-06-01 23:14:21,119-INFO-MailParser-Письмо классифицировано в incidents
2026-06-01 23:14:21,119-INFO-MailParser-Письмо mail_0036.txt классифицировано в incidents
2026-06-01 23:14:21,119-INFO-MailParser-Письмо скопировано inbox/mail_0036.txt -> output/incidents/mail_0036.txt
2026-06-01 23:14:21,120-INFO-MailParser-Начата обработка письма mail_0022.txt
2026-06-01 23:14:21,120-INFO-MailParser-Формат файла .txt
2026-06-01 23:14:21,120-INFO-MailParser-Файл mail_0022.txt в текстовом формате обработан
2026-06-01 23:14:21,120-INFO-MailParser-Файл отправлен в текстовый парсер
2026-06-01 23:14:21,120-INFO-MailParser-Начат анализ текста письма
2026-06-01 23:14:21,120-INFO-MailParser-Разбор письма завершён
2026-06-01 23:14:21,120-INFO-MailParser-Письмо mail_0022.txt обработано
2026-06-01 23:14:21,120-INFO-MailParser-Начало классификации письма
2026-06-01 23:14:21,120-INFO-MailParser-Письмо классифицировано в finance
2026-06-01 23:14:21,120-INFO-MailParser-Письмо mail_0022.txt классифицировано в finance
2026-06-01 23:14:21,120-INFO-MailParser-Письмо скопировано inbox/mail_0022.txt -> output/finance/mail_0022.txt
2026-06-01 23:14:21,120-INFO-MailParser-Начата обработка письма mail_0109.jpeg
2026-06-01 23:14:21,120-INFO-MailParser-Формат файла .jpeg
2026-06-01 23:14:21,120-ERROR-MailParser-Встречен неподдерживаемый формат файла .jpeg
2026-06-01 23:14:21,120-WARNING-MailParser-Ошибка при обработке файла mail_0109.jpeg: Неподдерживаемый формат файла .jpeg. Назначена категория broken
2026-06-01 23:14:21,120-INFO-MailParser-Письмо скопировано inbox/mail_0109.jpeg -> output/broken/mail_0109.jpeg
2026-06-01 23:14:21,120-INFO-MailParser-Начата обработка письма mail_0034.txt
2026-06-01 23:14:21,120-INFO-MailParser-Формат файла .txt
2026-06-01 23:14:21,120-INFO-MailParser-Файл mail_0034.txt в текстовом формате обработан
2026-06-01 23:14:21,120-INFO-MailParser-Файл отправлен в текстовый парсер
2026-06-01 23:14:21,120-INFO-MailParser-Начат анализ текста письма
2026-06-01 23:14:21,120-INFO-MailParser-Разбор письма завершён
2026-06-01 23:14:21,120-INFO-MailParser-Письмо mail_0034.txt обработано
2026-06-01 23:14:21,120-INFO-MailParser-Начало классификации письма
2026-06-01 23:14:21,120-INFO-MailParser-Письмо классифицировано в finance
2026-06-01 23:14:21,120-INFO-MailParser-Письмо mail_0034.txt классифицировано в finance
2026-06-01 23:14:21,120-INFO-MailParser-Письмо скопировано inbox/mail_0034.txt -> output/finance/mail_0034.txt
2026-06-01 23:14:21,120-INFO-MailParser-Начата обработка письма mail_0020.txt
2026-06-01 23:14:21,120-INFO-MailParser-Формат файла .txt
2026-06-01 23:14:21,120-INFO-MailParser-Файл mail_0020.txt в текстовом формате обработан
2026-06-01 23:14:21,120-INFO-MailParser-Файл отправлен в текстовый парсер
2026-06-01 23:14:21,120-INFO-MailParser-Начат анализ текста письма
2026-06-01 23:14:21,120-INFO-MailParser-Разбор письма завершён
2026-06-01 23:14:21,120-INFO-MailParser-Письмо mail_0020.txt обработано
2026-06-01 23:14:21,120-INFO-MailParser-Начало классификации письма
2026-06-01 23:14:21,121-INFO-MailParser-Письмо классифицировано в incidents
2026-06-01 23:14:21,121-INFO-MailParser-Письмо mail_0020.txt классифицировано в incidents
2026-06-01 23:14:21,121-INFO-MailParser-Письмо скопировано inbox/mail_0020.txt -> output/incidents/mail_0020.txt
2026-06-01 23:14:21,121-INFO-MailParser-Начата обработка письма mail_0008.txt
2026-06-01 23:14:21,121-INFO-MailParser-Формат файла .txt
2026-06-01 23:14:21,121-INFO-MailParser-Файл mail_0008.txt в текстовом формате обработан
2026-06-01 23:14:21,121-INFO-MailParser-Файл отправлен в текстовый парсер
2026-06-01 23:14:21,121-INFO-MailParser-Начат анализ текста письма
2026-06-01 23:14:21,121-INFO-MailParser-Разбор письма завершён
2026-06-01 23:14:21,121-INFO-MailParser-Письмо mail_0008.txt обработано
2026-06-01 23:14:21,121-INFO-MailParser-Начало классификации письма
2026-06-01 23:14:21,121-INFO-MailParser-Письмо классифицировано в request
2026-06-01 23:14:21,121-INFO-MailParser-Письмо mail_0008.txt классифицировано в request
2026-06-01 23:14:21,121-INFO-MailParser-Письмо скопировано inbox/mail_0008.txt -> output/request/mail_0008.txt
2026-06-01 23:14:21,121-INFO-MailParser-Начата обработка письма mail_0009.txt
2026-06-01 23:14:21,121-INFO-MailParser-Формат файла .txt
2026-06-01 23:14:21,121-INFO-MailParser-Файл mail_0009.txt в текстовом формате обработан
2026-06-01 23:14:21,121-INFO-MailParser-Файл отправлен в текстовый парсер
2026-06-01 23:14:21,121-INFO-MailParser-Начат анализ текста письма
2026-06-01 23:14:21,121-INFO-MailParser-Разбор письма завершён
2026-06-01 23:14:21,121-INFO-MailParser-Письмо mail_0009.txt обработано
2026-06-01 23:14:21,121-INFO-MailParser-Начало классификации письма
2026-06-01 23:14:21,121-INFO-MailParser-Письмо классифицировано в request
2026-06-01 23:14:21,121-INFO-MailParser-Письмо mail_0009.txt классифицировано в request
2026-06-01 23:14:21,121-INFO-MailParser-Письмо скопировано inbox/mail_0009.txt -> output/request/mail_0009.txt
2026-06-01 23:14:21,121-INFO-MailParser-Начата обработка письма mail_0021.txt
2026-06-01 23:14:21,121-INFO-MailParser-Формат файла .txt
2026-06-01 23:14:21,122-INFO-MailParser-Файл mail_0021.txt в текстовом формате обработан
2026-06-01 23:14:21,122-INFO-MailParser-Файл отправлен в текстовый парсер
2026-06-01 23:14:21,122-INFO-MailParser-Начат анализ текста письма
2026-06-01 23:14:21,122-INFO-MailParser-Разбор письма завершён
2026-06-01 23:14:21,122-INFO-MailParser-Письмо mail_0021.txt обработано
2026-06-01 23:14:21,122-INFO-MailParser-Начало классификации письма
2026-06-01 23:14:21,122-INFO-MailParser-Письмо классифицировано в incidents
2026-06-01 23:14:21,122-INFO-MailParser-Письмо mail_0021.txt классифицировано в incidents
2026-06-01 23:14:21,122-INFO-MailParser-Письмо скопировано inbox/mail_0021.txt -> output/incidents/mail_0021.txt
2026-06-01 23:14:21,122-INFO-MailParser-Начата обработка письма mail_0035.txt
2026-06-01 23:14:21,122-INFO-MailParser-Формат файла .txt
2026-06-01 23:14:21,122-INFO-MailParser-Файл mail_0035.txt в текстовом формате обработан
2026-06-01 23:14:21,122-INFO-MailParser-Файл отправлен в текстовый парсер
2026-06-01 23:14:21,122-INFO-MailParser-Начат анализ текста письма
2026-06-01 23:14:21,122-INFO-MailParser-Разбор письма завершён
2026-06-01 23:14:21,122-INFO-MailParser-Письмо mail_0035.txt обработано
2026-06-01 23:14:21,122-INFO-MailParser-Начало классификации письма
2026-06-01 23:14:21,122-INFO-MailParser-Письмо классифицировано в finance
2026-06-01 23:14:21,122-INFO-MailParser-Письмо mail_0035.txt классифицировано в finance
2026-06-01 23:14:21,122-INFO-MailParser-Письмо скопировано inbox/mail_0035.txt -> output/finance/mail_0035.txt
2026-06-01 23:14:21,122-INFO-MailParser-Начата обработка письма mail_0038.txt
2026-06-01 23:14:21,122-INFO-MailParser-Формат файла .txt
2026-06-01 23:14:21,122-INFO-MailParser-Файл mail_0038.txt в текстовом формате обработан
2026-06-01 23:14:21,122-INFO-MailParser-Файл отправлен в текстовый парсер
2026-06-01 23:14:21,122-INFO-MailParser-Начат анализ текста письма
2026-06-01 23:14:21,122-INFO-MailParser-Разбор письма завершён
2026-06-01 23:14:21,122-INFO-MailParser-Письмо mail_0038.txt обработано
2026-06-01 23:14:21,122-INFO-MailParser-Начало классификации письма
2026-06-01 23:14:21,122-INFO-MailParser-Письмо классифицировано в finance
2026-06-01 23:14:21,122-INFO-MailParser-Письмо mail_0038.txt классифицировано в finance
2026-06-01 23:14:21,122-INFO-MailParser-Письмо скопировано inbox/mail_0038.txt -> output/finance/mail_0038.txt
2026-06-01 23:14:21,122-INFO-MailParser-Начата обработка письма mail_0010.txt
2026-06-01 23:14:21,123-INFO-MailParser-Формат файла .txt
2026-06-01 23:14:21,123-INFO-MailParser-Файл mail_0010.txt в текстовом формате обработан
2026-06-01 23:14:21,123-INFO-MailParser-Файл отправлен в текстовый парсер
2026-06-01 23:14:21,123-INFO-MailParser-Начат анализ текста письма
2026-06-01 23:14:21,123-INFO-MailParser-Разбор письма завершён
2026-06-01 23:14:21,123-INFO-MailParser-Письмо mail_0010.txt обработано
2026-06-01 23:14:21,123-INFO-MailParser-Начало классификации письма
2026-06-01 23:14:21,123-INFO-MailParser-Письмо классифицировано в incidents
2026-06-01 23:14:21,123-INFO-MailParser-Письмо mail_0010.txt классифицировано в incidents
2026-06-01 23:14:21,123-INFO-MailParser-Письмо скопировано inbox/mail_0010.txt -> output/incidents/mail_0010.txt
2026-06-01 23:14:21,123-INFO-MailParser-Начата обработка письма mail_0004.txt
2026-06-01 23:14:21,123-INFO-MailParser-Формат файла .txt
2026-06-01 23:14:21,123-INFO-MailParser-Файл mail_0004.txt в текстовом формате обработан
2026-06-01 23:14:21,123-INFO-MailParser-Файл отправлен в текстовый парсер
2026-06-01 23:14:21,123-INFO-MailParser-Начат анализ текста письма
2026-06-01 23:14:21,123-INFO-MailParser-Разбор письма завершён
2026-06-01 23:14:21,123-INFO-MailParser-Письмо mail_0004.txt обработано
2026-06-01 23:14:21,123-INFO-MailParser-Начало классификации письма
2026-06-01 23:14:21,123-INFO-MailParser-Письмо классифицировано в incidents
2026-06-01 23:14:21,123-INFO-MailParser-Письмо mail_0004.txt классифицировано в incidents
2026-06-01 23:14:21,123-INFO-MailParser-Письмо скопировано inbox/mail_0004.txt -> output/incidents/mail_0004.txt
2026-06-01 23:14:21,123-INFO-MailParser-Начата обработка письма mail_0005.txt
2026-06-01 23:14:21,123-INFO-MailParser-Формат файла .txt
2026-06-01 23:14:21,123-INFO-MailParser-Файл mail_0005.txt в текстовом формате обработан
2026-06-01 23:14:21,123-INFO-MailParser-Файл отправлен в текстовый парсер
2026-06-01 23:14:21,123-INFO-MailParser-Начат анализ текста письма
2026-06-01 23:14:21,123-INFO-MailParser-Разбор письма завершён
2026-06-01 23:14:21,123-INFO-MailParser-Письмо mail_0005.txt обработано
2026-06-01 23:14:21,123-INFO-MailParser-Начало классификации письма
2026-06-01 23:14:21,123-INFO-MailParser-Письмо классифицировано в finance
2026-06-01 23:14:21,123-INFO-MailParser-Письмо mail_0005.txt классифицировано в finance
2026-06-01 23:14:21,123-INFO-MailParser-Письмо скопировано inbox/mail_0005.txt -> output/finance/mail_0005.txt
2026-06-01 23:14:21,123-INFO-MailParser-Начата обработка письма mail_0011.txt
2026-06-01 23:14:21,123-INFO-MailParser-Формат файла .txt
2026-06-01 23:14:21,123-INFO-MailParser-Файл mail_0011.txt в текстовом формате обработан
2026-06-01 23:14:21,123-INFO-MailParser-Файл отправлен в текстовый парсер
2026-06-01 23:14:21,123-INFO-MailParser-Начат анализ текста письма
2026-06-01 23:14:21,123-INFO-MailParser-Разбор письма завершён
2026-06-01 23:14:21,123-INFO-MailParser-Письмо mail_0011.txt обработано
2026-06-01 23:14:21,123-INFO-MailParser-Начало классификации письма
2026-06-01 23:14:21,123-INFO-MailParser-Письмо классифицировано в request
2026-06-01 23:14:21,123-INFO-MailParser-Письмо mail_0011.txt классифицировано в request
2026-06-01 23:14:21,124-INFO-MailParser-Письмо скопировано inbox/mail_0011.txt -> output/request/mail_0011.txt
2026-06-01 23:14:21,124-INFO-MailParser-Начата обработка письма mail_0039.txt
2026-06-01 23:14:21,124-INFO-MailParser-Формат файла .txt
2026-06-01 23:14:21,124-INFO-MailParser-Файл mail_0039.txt в текстовом формате обработан
2026-06-01 23:14:21,124-INFO-MailParser-Файл отправлен в текстовый парсер
2026-06-01 23:14:21,124-INFO-MailParser-Начат анализ текста письма
2026-06-01 23:14:21,124-INFO-MailParser-Разбор письма завершён
2026-06-01 23:14:21,124-INFO-MailParser-Письмо mail_0039.txt обработано
2026-06-01 23:14:21,124-INFO-MailParser-Начало классификации письма
2026-06-01 23:14:21,124-INFO-MailParser-Письмо классифицировано в incidents
2026-06-01 23:14:21,124-INFO-MailParser-Письмо mail_0039.txt классифицировано в incidents
2026-06-01 23:14:21,124-INFO-MailParser-Письмо скопировано inbox/mail_0039.txt -> output/incidents/mail_0039.txt
2026-06-01 23:14:21,124-INFO-MailParser-Начата обработка письма mail_0007.txt
2026-06-01 23:14:21,124-INFO-MailParser-Формат файла .txt
2026-06-01 23:14:21,124-INFO-MailParser-Файл mail_0007.txt в текстовом формате обработан
2026-06-01 23:14:21,124-INFO-MailParser-Файл отправлен в текстовый парсер
2026-06-01 23:14:21,124-INFO-MailParser-Начат анализ текста письма
2026-06-01 23:14:21,124-INFO-MailParser-Разбор письма завершён
2026-06-01 23:14:21,124-INFO-MailParser-Письмо mail_0007.txt обработано
2026-06-01 23:14:21,124-INFO-MailParser-Начало классификации письма
2026-06-01 23:14:21,124-INFO-MailParser-Письмо классифицировано в incidents
2026-06-01 23:14:21,124-INFO-MailParser-Письмо mail_0007.txt классифицировано в incidents
2026-06-01 23:14:21,124-INFO-MailParser-Письмо скопировано inbox/mail_0007.txt -> output/incidents/mail_0007.txt
2026-06-01 23:14:21,124-INFO-MailParser-Начата обработка письма mail_0013.txt
2026-06-01 23:14:21,124-INFO-MailParser-Формат файла .txt
2026-06-01 23:14:21,124-INFO-MailParser-Файл mail_0013.txt в текстовом формате обработан
2026-06-01 23:14:21,124-INFO-MailParser-Файл отправлен в текстовый парсер
2026-06-01 23:14:21,124-INFO-MailParser-Начат анализ текста письма
2026-06-01 23:14:21,124-INFO-MailParser-Разбор письма завершён
2026-06-01 23:14:21,124-INFO-MailParser-Письмо mail_0013.txt обработано
2026-06-01 23:14:21,124-INFO-MailParser-Начало классификации письма
2026-06-01 23:14:21,124-INFO-MailParser-Письмо классифицировано в finance
2026-06-01 23:14:21,124-INFO-MailParser-Письмо mail_0013.txt классифицировано в finance
2026-06-01 23:14:21,124-INFO-MailParser-Письмо скопировано inbox/mail_0013.txt -> output/finance/mail_0013.txt
2026-06-01 23:14:21,124-INFO-MailParser-Начата обработка письма mail_0012.txt
2026-06-01 23:14:21,124-INFO-MailParser-Формат файла .txt
2026-06-01 23:14:21,124-INFO-MailParser-Файл mail_0012.txt в текстовом формате обработан
2026-06-01 23:14:21,124-INFO-MailParser-Файл отправлен в текстовый парсер
2026-06-01 23:14:21,124-INFO-MailParser-Начат анализ текста письма
2026-06-01 23:14:21,124-INFO-MailParser-Разбор письма завершён
2026-06-01 23:14:21,124-INFO-MailParser-Письмо mail_0012.txt обработано
2026-06-01 23:14:21,124-INFO-MailParser-Начало классификации письма
2026-06-01 23:14:21,124-INFO-MailParser-Письмо классифицировано в incidents
2026-06-01 23:14:21,125-INFO-MailParser-Письмо mail_0012.txt классифицировано в incidents
2026-06-01 23:14:21,125-INFO-MailParser-Письмо скопировано inbox/mail_0012.txt -> output/incidents/mail_0012.txt
2026-06-01 23:14:21,125-INFO-MailParser-Начата обработка письма mail_0006.txt
2026-06-01 23:14:21,125-INFO-MailParser-Формат файла .txt
2026-06-01 23:14:21,125-INFO-MailParser-Файл mail_0006.txt в текстовом формате обработан
2026-06-01 23:14:21,125-INFO-MailParser-Файл отправлен в текстовый парсер
2026-06-01 23:14:21,125-INFO-MailParser-Начат анализ текста письма
2026-06-01 23:14:21,125-INFO-MailParser-Разбор письма завершён
2026-06-01 23:14:21,125-INFO-MailParser-Письмо mail_0006.txt обработано
2026-06-01 23:14:21,125-INFO-MailParser-Начало классификации письма
2026-06-01 23:14:21,125-INFO-MailParser-Письмо классифицировано в finance
2026-06-01 23:14:21,125-INFO-MailParser-Письмо mail_0006.txt классифицировано в finance
2026-06-01 23:14:21,125-INFO-MailParser-Письмо скопировано inbox/mail_0006.txt -> output/finance/mail_0006.txt
2026-06-01 23:14:21,125-INFO-MailParser-Начата обработка письма mail_0002.txt
2026-06-01 23:14:21,125-INFO-MailParser-Формат файла .txt
2026-06-01 23:14:21,125-INFO-MailParser-Файл mail_0002.txt в текстовом формате обработан
2026-06-01 23:14:21,125-INFO-MailParser-Файл отправлен в текстовый парсер
2026-06-01 23:14:21,125-INFO-MailParser-Начат анализ текста письма
2026-06-01 23:14:21,125-INFO-MailParser-Разбор письма завершён
2026-06-01 23:14:21,125-INFO-MailParser-Письмо mail_0002.txt обработано
2026-06-01 23:14:21,125-INFO-MailParser-Начало классификации письма
2026-06-01 23:14:21,125-INFO-MailParser-Письмо классифицировано в finance
2026-06-01 23:14:21,125-INFO-MailParser-Письмо mail_0002.txt классифицировано в finance
2026-06-01 23:14:21,125-INFO-MailParser-Письмо скопировано inbox/mail_0002.txt -> output/finance/mail_0002.txt
2026-06-01 23:14:21,125-INFO-MailParser-Начата обработка письма mail_0016.txt
2026-06-01 23:14:21,125-INFO-MailParser-Формат файла .txt
2026-06-01 23:14:21,125-INFO-MailParser-Файл mail_0016.txt в текстовом формате обработан
2026-06-01 23:14:21,125-INFO-MailParser-Файл отправлен в текстовый парсер
2026-06-01 23:14:21,125-INFO-MailParser-Начат анализ текста письма
2026-06-01 23:14:21,125-INFO-MailParser-Разбор письма завершён
2026-06-01 23:14:21,125-INFO-MailParser-Письмо mail_0016.txt обработано
2026-06-01 23:14:21,125-INFO-MailParser-Начало классификации письма
2026-06-01 23:14:21,125-INFO-MailParser-Письмо классифицировано в incidents
2026-06-01 23:14:21,125-INFO-MailParser-Письмо mail_0016.txt классифицировано в incidents
2026-06-01 23:14:21,125-INFO-MailParser-Письмо скопировано inbox/mail_0016.txt -> output/incidents/mail_0016.txt
2026-06-01 23:14:21,125-INFO-MailParser-Начата обработка письма mail_0017.txt
2026-06-01 23:14:21,125-INFO-MailParser-Формат файла .txt
2026-06-01 23:14:21,126-INFO-MailParser-Файл mail_0017.txt в текстовом формате обработан
2026-06-01 23:14:21,126-INFO-MailParser-Файл отправлен в текстовый парсер
2026-06-01 23:14:21,126-INFO-MailParser-Начат анализ текста письма
2026-06-01 23:14:21,126-INFO-MailParser-Разбор письма завершён
2026-06-01 23:14:21,126-INFO-MailParser-Письмо mail_0017.txt обработано
2026-06-01 23:14:21,126-INFO-MailParser-Начало классификации письма
2026-06-01 23:14:21,126-INFO-MailParser-Письмо классифицировано в finance
2026-06-01 23:14:21,126-INFO-MailParser-Письмо mail_0017.txt классифицировано в finance
2026-06-01 23:14:21,126-INFO-MailParser-Письмо скопировано inbox/mail_0017.txt -> output/finance/mail_0017.txt
2026-06-01 23:14:21,126-INFO-MailParser-Начата обработка письма mail_0003.txt
2026-06-01 23:14:21,126-INFO-MailParser-Формат файла .txt
2026-06-01 23:14:21,126-INFO-MailParser-Файл mail_0003.txt в текстовом формате обработан
2026-06-01 23:14:21,126-INFO-MailParser-Файл отправлен в текстовый парсер
2026-06-01 23:14:21,126-INFO-MailParser-Начат анализ текста письма
2026-06-01 23:14:21,126-INFO-MailParser-Разбор письма завершён
2026-06-01 23:14:21,126-INFO-MailParser-Письмо mail_0003.txt обработано
2026-06-01 23:14:21,126-INFO-MailParser-Начало классификации письма
2026-06-01 23:14:21,126-INFO-MailParser-Письмо классифицировано в request
2026-06-01 23:14:21,126-INFO-MailParser-Письмо mail_0003.txt классифицировано в request
2026-06-01 23:14:21,126-INFO-MailParser-Письмо скопировано inbox/mail_0003.txt -> output/request/mail_0003.txt
2026-06-01 23:14:21,126-INFO-MailParser-Начата обработка письма mail_0015.txt
2026-06-01 23:14:21,126-INFO-MailParser-Формат файла .txt
2026-06-01 23:14:21,126-INFO-MailParser-Файл mail_0015.txt в текстовом формате обработан
2026-06-01 23:14:21,126-INFO-MailParser-Файл отправлен в текстовый парсер
2026-06-01 23:14:21,126-INFO-MailParser-Начат анализ текста письма
2026-06-01 23:14:21,126-INFO-MailParser-Разбор письма завершён
2026-06-01 23:14:21,126-INFO-MailParser-Письмо mail_0015.txt обработано
2026-06-01 23:14:21,126-INFO-MailParser-Начало классификации письма
2026-06-01 23:14:21,126-INFO-MailParser-Письмо классифицировано в request
2026-06-01 23:14:21,126-INFO-MailParser-Письмо mail_0015.txt классифицировано в request
2026-06-01 23:14:21,126-INFO-MailParser-Письмо скопировано inbox/mail_0015.txt -> output/request/mail_0015.txt
2026-06-01 23:14:21,126-INFO-MailParser-Начата обработка письма mail_0001.txt
2026-06-01 23:14:21,126-INFO-MailParser-Формат файла .txt
2026-06-01 23:14:21,127-INFO-MailParser-Файл mail_0001.txt в текстовом формате обработан
2026-06-01 23:14:21,127-INFO-MailParser-Файл отправлен в текстовый парсер
2026-06-01 23:14:21,127-INFO-MailParser-Начат анализ текста письма
2026-06-01 23:14:21,127-INFO-MailParser-Разбор письма завершён
2026-06-01 23:14:21,127-INFO-MailParser-Письмо mail_0001.txt обработано
2026-06-01 23:14:21,127-INFO-MailParser-Начало классификации письма
2026-06-01 23:14:21,127-INFO-MailParser-Письмо классифицировано в incidents
2026-06-01 23:14:21,127-INFO-MailParser-Письмо mail_0001.txt классифицировано в incidents
2026-06-01 23:14:21,127-INFO-MailParser-Письмо скопировано inbox/mail_0001.txt -> output/incidents/mail_0001.txt
2026-06-01 23:14:21,127-INFO-MailParser-Начата обработка письма mail_0029.txt
2026-06-01 23:14:21,127-INFO-MailParser-Формат файла .txt
2026-06-01 23:14:21,127-INFO-MailParser-Файл mail_0029.txt в текстовом формате обработан
2026-06-01 23:14:21,127-INFO-MailParser-Файл отправлен в текстовый парсер
2026-06-01 23:14:21,127-INFO-MailParser-Начат анализ текста письма
2026-06-01 23:14:21,127-INFO-MailParser-Разбор письма завершён
2026-06-01 23:14:21,127-INFO-MailParser-Письмо mail_0029.txt обработано
2026-06-01 23:14:21,127-INFO-MailParser-Начало классификации письма
2026-06-01 23:14:21,127-INFO-MailParser-Письмо классифицировано в request
2026-06-01 23:14:21,127-INFO-MailParser-Письмо mail_0029.txt классифицировано в request
2026-06-01 23:14:21,127-INFO-MailParser-Письмо скопировано inbox/mail_0029.txt -> output/request/mail_0029.txt
2026-06-01 23:14:21,127-INFO-MailParser-Начата обработка письма mail_0028.txt
2026-06-01 23:14:21,127-INFO-MailParser-Формат файла .txt
2026-06-01 23:14:21,127-INFO-MailParser-Файл mail_0028.txt в текстовом формате обработан
2026-06-01 23:14:21,127-INFO-MailParser-Файл отправлен в текстовый парсер
2026-06-01 23:14:21,127-INFO-MailParser-Начат анализ текста письма
2026-06-01 23:14:21,127-INFO-MailParser-Разбор письма завершён
2026-06-01 23:14:21,127-INFO-MailParser-Письмо mail_0028.txt обработано
2026-06-01 23:14:21,127-INFO-MailParser-Начало классификации письма
2026-06-01 23:14:21,127-INFO-MailParser-Письмо классифицировано в finance
2026-06-01 23:14:21,127-INFO-MailParser-Письмо mail_0028.txt классифицировано в finance
2026-06-01 23:14:21,127-INFO-MailParser-Письмо скопировано inbox/mail_0028.txt -> output/finance/mail_0028.txt
2026-06-01 23:14:21,127-INFO-MailParser-Начата обработка письма mail_0014.txt
2026-06-01 23:14:21,127-INFO-MailParser-Формат файла .txt
2026-06-01 23:14:21,127-INFO-MailParser-Файл mail_0014.txt в текстовом формате обработан
2026-06-01 23:14:21,127-INFO-MailParser-Файл отправлен в текстовый парсер
2026-06-01 23:14:21,127-INFO-MailParser-Начат анализ текста письма
2026-06-01 23:14:21,127-INFO-MailParser-Разбор письма завершён
2026-06-01 23:14:21,127-INFO-MailParser-Письмо mail_0014.txt обработано
2026-06-01 23:14:21,127-INFO-MailParser-Начало классификации письма
2026-06-01 23:14:21,128-INFO-MailParser-Письмо классифицировано в finance
2026-06-01 23:14:21,128-INFO-MailParser-Письмо mail_0014.txt классифицировано в finance
2026-06-01 23:14:21,128-INFO-MailParser-Письмо скопировано inbox/mail_0014.txt -> output/finance/mail_0014.txt
2026-06-01 23:14:21,128-INFO-MailParser-Начата обработка письма mail_0107.txt
2026-06-01 23:14:21,128-INFO-MailParser-Формат файла .txt
2026-06-01 23:14:21,128-INFO-MailParser-Файл mail_0107.txt в текстовом формате обработан
2026-06-01 23:14:21,128-INFO-MailParser-Файл отправлен в текстовый парсер
2026-06-01 23:14:21,128-INFO-MailParser-Начат анализ текста письма
2026-06-01 23:14:21,128-INFO-MailParser-Разбор письма завершён
2026-06-01 23:14:21,128-INFO-MailParser-Письмо mail_0107.txt обработано
2026-06-01 23:14:21,128-INFO-MailParser-Начало классификации письма
2026-06-01 23:14:21,128-INFO-MailParser-Письмо классифицировано в finance
2026-06-01 23:14:21,128-INFO-MailParser-Письмо mail_0107.txt классифицировано в finance
2026-06-01 23:14:21,128-INFO-MailParser-Письмо скопировано inbox/mail_0107.txt -> output/finance/mail_0107.txt
2026-06-01 23:14:21,128-INFO-MailParser-Начата обработка письма mail_0098.txt
2026-06-01 23:14:21,128-INFO-MailParser-Формат файла .txt
2026-06-01 23:14:21,128-INFO-MailParser-Файл mail_0098.txt в текстовом формате обработан
2026-06-01 23:14:21,128-INFO-MailParser-Файл отправлен в текстовый парсер
2026-06-01 23:14:21,128-INFO-MailParser-Начат анализ текста письма
2026-06-01 23:14:21,128-INFO-MailParser-Разбор письма завершён
2026-06-01 23:14:21,128-INFO-MailParser-Письмо mail_0098.txt обработано
2026-06-01 23:14:21,128-INFO-MailParser-Начало классификации письма
2026-06-01 23:14:21,128-INFO-MailParser-Письмо классифицировано в finance
2026-06-01 23:14:21,128-INFO-MailParser-Письмо mail_0098.txt классифицировано в finance
2026-06-01 23:14:21,128-INFO-MailParser-Письмо скопировано inbox/mail_0098.txt -> output/finance/mail_0098.txt
2026-06-01 23:14:21,128-INFO-MailParser-Начата обработка письма mail_0073.txt
2026-06-01 23:14:21,128-INFO-MailParser-Формат файла .txt
2026-06-01 23:14:21,128-INFO-MailParser-Файл mail_0073.txt в текстовом формате обработан
2026-06-01 23:14:21,128-INFO-MailParser-Файл отправлен в текстовый парсер
2026-06-01 23:14:21,128-INFO-MailParser-Начат анализ текста письма
2026-06-01 23:14:21,128-INFO-MailParser-Разбор письма завершён
2026-06-01 23:14:21,128-INFO-MailParser-Письмо mail_0073.txt обработано
2026-06-01 23:14:21,128-INFO-MailParser-Начало классификации письма
2026-06-01 23:14:21,128-INFO-MailParser-Письмо классифицировано в incidents
2026-06-01 23:14:21,128-INFO-MailParser-Письмо mail_0073.txt классифицировано в incidents
2026-06-01 23:14:21,129-INFO-MailParser-Письмо скопировано inbox/mail_0073.txt -> output/incidents/mail_0073.txt
2026-06-01 23:14:21,129-INFO-MailParser-Начата обработка письма mail_0067.txt
2026-06-01 23:14:21,129-INFO-MailParser-Формат файла .txt
2026-06-01 23:14:21,129-INFO-MailParser-Файл mail_0067.txt в текстовом формате обработан
2026-06-01 23:14:21,129-INFO-MailParser-Файл отправлен в текстовый парсер
2026-06-01 23:14:21,129-INFO-MailParser-Начат анализ текста письма
2026-06-01 23:14:21,129-INFO-MailParser-Разбор письма завершён
2026-06-01 23:14:21,129-INFO-MailParser-Письмо mail_0067.txt обработано
2026-06-01 23:14:21,129-INFO-MailParser-Начало классификации письма
2026-06-01 23:14:21,129-INFO-MailParser-Письмо классифицировано в request
2026-06-01 23:14:21,129-INFO-MailParser-Письмо mail_0067.txt классифицировано в request
2026-06-01 23:14:21,129-INFO-MailParser-Письмо скопировано inbox/mail_0067.txt -> output/request/mail_0067.txt
2026-06-01 23:14:21,129-INFO-MailParser-Начата обработка письма mail_0066.txt
2026-06-01 23:14:21,129-INFO-MailParser-Формат файла .txt
2026-06-01 23:14:21,129-INFO-MailParser-Файл mail_0066.txt в текстовом формате обработан
2026-06-01 23:14:21,129-INFO-MailParser-Файл отправлен в текстовый парсер
2026-06-01 23:14:21,129-INFO-MailParser-Начат анализ текста письма
2026-06-01 23:14:21,129-INFO-MailParser-Разбор письма завершён
2026-06-01 23:14:21,129-INFO-MailParser-Письмо mail_0066.txt обработано
2026-06-01 23:14:21,129-INFO-MailParser-Начало классификации письма
2026-06-01 23:14:21,129-INFO-MailParser-Письмо классифицировано в finance
2026-06-01 23:14:21,129-INFO-MailParser-Письмо mail_0066.txt классифицировано в finance
2026-06-01 23:14:21,129-INFO-MailParser-Письмо скопировано inbox/mail_0066.txt -> output/finance/mail_0066.txt
2026-06-01 23:14:21,129-INFO-MailParser-Начата обработка письма mail_0072.txt
2026-06-01 23:14:21,129-INFO-MailParser-Формат файла .txt
2026-06-01 23:14:21,130-INFO-MailParser-Файл mail_0072.txt в текстовом формате обработан
2026-06-01 23:14:21,130-INFO-MailParser-Файл отправлен в текстовый парсер
2026-06-01 23:14:21,130-INFO-MailParser-Начат анализ текста письма
2026-06-01 23:14:21,130-INFO-MailParser-Разбор письма завершён
2026-06-01 23:14:21,130-INFO-MailParser-Письмо mail_0072.txt обработано
2026-06-01 23:14:21,130-INFO-MailParser-Начало классификации письма
2026-06-01 23:14:21,130-INFO-MailParser-Письмо классифицировано в request
2026-06-01 23:14:21,130-INFO-MailParser-Письмо mail_0072.txt классифицировано в request
2026-06-01 23:14:21,130-INFO-MailParser-Письмо скопировано inbox/mail_0072.txt -> output/request/mail_0072.txt
2026-06-01 23:14:21,130-INFO-MailParser-Начата обработка письма mail_0099.txt
2026-06-01 23:14:21,130-INFO-MailParser-Формат файла .txt
2026-06-01 23:14:21,130-INFO-MailParser-Файл mail_0099.txt в текстовом формате обработан
2026-06-01 23:14:21,130-INFO-MailParser-Файл отправлен в текстовый парсер
2026-06-01 23:14:21,130-INFO-MailParser-Начат анализ текста письма
2026-06-01 23:14:21,130-INFO-MailParser-Разбор письма завершён
2026-06-01 23:14:21,130-INFO-MailParser-Письмо mail_0099.txt обработано
2026-06-01 23:14:21,130-INFO-MailParser-Начало классификации письма
2026-06-01 23:14:21,131-INFO-MailParser-Письмо классифицировано в request
2026-06-01 23:14:21,131-INFO-MailParser-Письмо mail_0099.txt классифицировано в request
2026-06-01 23:14:21,131-INFO-MailParser-Письмо скопировано inbox/mail_0099.txt -> output/request/mail_0099.txt
2026-06-01 23:14:21,131-INFO-MailParser-Начата обработка письма mail_0104.bin
2026-06-01 23:14:21,131-INFO-MailParser-Формат файла .bin
2026-06-01 23:14:21,131-ERROR-MailParser-Встречен неподдерживаемый формат файла .bin
2026-06-01 23:14:21,131-WARNING-MailParser-Ошибка при обработке файла mail_0104.bin: Неподдерживаемый формат файла .bin. Назначена категория broken
2026-06-01 23:14:21,131-INFO-MailParser-Письмо скопировано inbox/mail_0104.bin -> output/broken/mail_0104.bin
2026-06-01 23:14:21,131-INFO-MailParser-Начата обработка письма mail_0058.txt
2026-06-01 23:14:21,131-INFO-MailParser-Формат файла .txt
2026-06-01 23:14:21,131-INFO-MailParser-Файл mail_0058.txt в текстовом формате обработан
2026-06-01 23:14:21,131-INFO-MailParser-Файл отправлен в текстовый парсер
2026-06-01 23:14:21,131-INFO-MailParser-Начат анализ текста письма
2026-06-01 23:14:21,131-INFO-MailParser-Разбор письма завершён
2026-06-01 23:14:21,131-INFO-MailParser-Письмо mail_0058.txt обработано
2026-06-01 23:14:21,131-INFO-MailParser-Начало классификации письма
2026-06-01 23:14:21,131-INFO-MailParser-Письмо классифицировано в incidents
2026-06-01 23:14:21,131-INFO-MailParser-Письмо mail_0058.txt классифицировано в incidents
2026-06-01 23:14:21,131-INFO-MailParser-Письмо скопировано inbox/mail_0058.txt -> output/incidents/mail_0058.txt
2026-06-01 23:14:21,131-INFO-MailParser-Начата обработка письма mail_0064.txt
2026-06-01 23:14:21,131-INFO-MailParser-Формат файла .txt
2026-06-01 23:14:21,131-INFO-MailParser-Файл mail_0064.txt в текстовом формате обработан
2026-06-01 23:14:21,131-INFO-MailParser-Файл отправлен в текстовый парсер
2026-06-01 23:14:21,131-INFO-MailParser-Начат анализ текста письма
2026-06-01 23:14:21,131-INFO-MailParser-Разбор письма завершён
2026-06-01 23:14:21,131-INFO-MailParser-Письмо mail_0064.txt обработано
2026-06-01 23:14:21,131-INFO-MailParser-Начало классификации письма
2026-06-01 23:14:21,131-INFO-MailParser-Письмо классифицировано в spam
2026-06-01 23:14:21,131-INFO-MailParser-Письмо mail_0064.txt классифицировано в spam
2026-06-01 23:14:21,131-INFO-MailParser-Письмо скопировано inbox/mail_0064.txt -> output/spam/mail_0064.txt
2026-06-01 23:14:21,131-INFO-MailParser-Начата обработка письма mail_0070.txt
2026-06-01 23:14:21,131-INFO-MailParser-Формат файла .txt
2026-06-01 23:14:21,132-INFO-MailParser-Файл mail_0070.txt в текстовом формате обработан
2026-06-01 23:14:21,132-INFO-MailParser-Файл отправлен в текстовый парсер
2026-06-01 23:14:21,132-INFO-MailParser-Начат анализ текста письма
2026-06-01 23:14:21,132-INFO-MailParser-Разбор письма завершён
2026-06-01 23:14:21,132-INFO-MailParser-Письмо mail_0070.txt обработано
2026-06-01 23:14:21,132-INFO-MailParser-Начало классификации письма
2026-06-01 23:14:21,132-INFO-MailParser-Письмо классифицировано в incidents
2026-06-01 23:14:21,132-INFO-MailParser-Письмо mail_0070.txt классифицировано в incidents
2026-06-01 23:14:21,132-INFO-MailParser-Письмо скопировано inbox/mail_0070.txt -> output/incidents/mail_0070.txt
2026-06-01 23:14:21,132-INFO-MailParser-Начата обработка письма mail_0071.txt
2026-06-01 23:14:21,132-INFO-MailParser-Формат файла .txt
2026-06-01 23:14:21,132-INFO-MailParser-Файл mail_0071.txt в текстовом формате обработан
2026-06-01 23:14:21,132-INFO-MailParser-Файл отправлен в текстовый парсер
2026-06-01 23:14:21,132-INFO-MailParser-Начат анализ текста письма
2026-06-01 23:14:21,132-INFO-MailParser-Разбор письма завершён
2026-06-01 23:14:21,132-INFO-MailParser-Письмо mail_0071.txt обработано
2026-06-01 23:14:21,132-INFO-MailParser-Начало классификации письма
2026-06-01 23:14:21,132-INFO-MailParser-Письмо классифицировано в spam
2026-06-01 23:14:21,132-INFO-MailParser-Письмо mail_0071.txt классифицировано в spam
2026-06-01 23:14:21,132-INFO-MailParser-Письмо скопировано inbox/mail_0071.txt -> output/spam/mail_0071.txt
2026-06-01 23:14:21,132-INFO-MailParser-Начата обработка письма mail_0065.txt
2026-06-01 23:14:21,132-INFO-MailParser-Формат файла .txt
2026-06-01 23:14:21,132-INFO-MailParser-Файл mail_0065.txt в текстовом формате обработан
2026-06-01 23:14:21,132-INFO-MailParser-Файл отправлен в текстовый парсер
2026-06-01 23:14:21,132-INFO-MailParser-Начат анализ текста письма
2026-06-01 23:14:21,132-INFO-MailParser-Разбор письма завершён
2026-06-01 23:14:21,132-INFO-MailParser-Письмо mail_0065.txt обработано
2026-06-01 23:14:21,132-INFO-MailParser-Начало классификации письма
2026-06-01 23:14:21,132-INFO-MailParser-Письмо классифицировано в incidents
2026-06-01 23:14:21,132-INFO-MailParser-Письмо mail_0065.txt классифицировано в incidents
2026-06-01 23:14:21,132-INFO-MailParser-Письмо скопировано inbox/mail_0065.txt -> output/incidents/mail_0065.txt
2026-06-01 23:14:21,132-INFO-MailParser-Начата обработка письма mail_0059.txt
2026-06-01 23:14:21,132-INFO-MailParser-Формат файла .txt
2026-06-01 23:14:21,132-INFO-MailParser-Файл mail_0059.txt в текстовом формате обработан
2026-06-01 23:14:21,132-INFO-MailParser-Файл отправлен в текстовый парсер
2026-06-01 23:14:21,132-INFO-MailParser-Начат анализ текста письма
2026-06-01 23:14:21,132-INFO-MailParser-Разбор письма завершён
2026-06-01 23:14:21,132-INFO-MailParser-Письмо mail_0059.txt обработано
2026-06-01 23:14:21,132-INFO-MailParser-Начало классификации письма
2026-06-01 23:14:21,132-INFO-MailParser-Письмо классифицировано в request
2026-06-01 23:14:21,132-INFO-MailParser-Письмо mail_0059.txt классифицировано в request
2026-06-01 23:14:21,133-INFO-MailParser-Письмо скопировано inbox/mail_0059.txt -> output/request/mail_0059.txt
2026-06-01 23:14:21,133-INFO-MailParser-Начата обработка письма mail_0101.txt
2026-06-01 23:14:21,133-INFO-MailParser-Формат файла .txt
2026-06-01 23:14:21,133-INFO-MailParser-Файл mail_0101.txt в текстовом формате обработан
2026-06-01 23:14:21,133-INFO-MailParser-Файл отправлен в текстовый парсер
2026-06-01 23:14:21,133-INFO-MailParser-Начат анализ текста письма
2026-06-01 23:14:21,133-INFO-MailParser-Разбор письма завершён
2026-06-01 23:14:21,133-INFO-MailParser-Письмо mail_0101.txt обработано
2026-06-01 23:14:21,133-INFO-MailParser-Начало классификации письма
2026-06-01 23:14:21,133-INFO-MailParser-Письмо классифицировано в incidents
2026-06-01 23:14:21,133-INFO-MailParser-Письмо mail_0101.txt классифицировано в incidents
2026-06-01 23:14:21,133-INFO-MailParser-Письмо скопировано inbox/mail_0101.txt -> output/incidents/mail_0101.txt
2026-06-01 23:14:21,133-INFO-MailParser-Начата обработка письма mail_0061.txt
2026-06-01 23:14:21,133-INFO-MailParser-Формат файла .txt
2026-06-01 23:14:21,133-INFO-MailParser-Файл mail_0061.txt в текстовом формате обработан
2026-06-01 23:14:21,133-INFO-MailParser-Файл отправлен в текстовый парсер
2026-06-01 23:14:21,133-INFO-MailParser-Начат анализ текста письма
2026-06-01 23:14:21,133-INFO-MailParser-Разбор письма завершён
2026-06-01 23:14:21,133-INFO-MailParser-Письмо mail_0061.txt обработано
2026-06-01 23:14:21,133-INFO-MailParser-Начало классификации письма
2026-06-01 23:14:21,133-INFO-MailParser-Письмо классифицировано в request
2026-06-01 23:14:21,133-INFO-MailParser-Письмо mail_0061.txt классифицировано в request
2026-06-01 23:14:21,133-INFO-MailParser-Письмо скопировано inbox/mail_0061.txt -> output/request/mail_0061.txt
2026-06-01 23:14:21,133-INFO-MailParser-Начата обработка письма mail_0075.txt
2026-06-01 23:14:21,133-INFO-MailParser-Формат файла .txt
2026-06-01 23:14:21,133-INFO-MailParser-Файл mail_0075.txt в текстовом формате обработан
2026-06-01 23:14:21,133-INFO-MailParser-Файл отправлен в текстовый парсер
2026-06-01 23:14:21,133-INFO-MailParser-Начат анализ текста письма
2026-06-01 23:14:21,133-INFO-MailParser-Разбор письма завершён
2026-06-01 23:14:21,133-INFO-MailParser-Письмо mail_0075.txt обработано
2026-06-01 23:14:21,133-INFO-MailParser-Начало классификации письма
2026-06-01 23:14:21,133-INFO-MailParser-Письмо классифицировано в request
2026-06-01 23:14:21,133-INFO-MailParser-Письмо mail_0075.txt классифицировано в request
2026-06-01 23:14:21,133-INFO-MailParser-Письмо скопировано inbox/mail_0075.txt -> output/request/mail_0075.txt
2026-06-01 23:14:21,133-INFO-MailParser-Начата обработка письма mail_0049.txt
2026-06-01 23:14:21,133-INFO-MailParser-Формат файла .txt
2026-06-01 23:14:21,134-INFO-MailParser-Файл mail_0049.txt в текстовом формате обработан
2026-06-01 23:14:21,134-INFO-MailParser-Файл отправлен в текстовый парсер
2026-06-01 23:14:21,134-INFO-MailParser-Начат анализ текста письма
2026-06-01 23:14:21,134-INFO-MailParser-Разбор письма завершён
2026-06-01 23:14:21,134-INFO-MailParser-Письмо mail_0049.txt обработано
2026-06-01 23:14:21,134-INFO-MailParser-Начало классификации письма
2026-06-01 23:14:21,134-INFO-MailParser-Письмо классифицировано в incidents
2026-06-01 23:14:21,134-INFO-MailParser-Письмо mail_0049.txt классифицировано в incidents
2026-06-01 23:14:21,134-INFO-MailParser-Письмо скопировано inbox/mail_0049.txt -> output/incidents/mail_0049.txt
2026-06-01 23:14:21,134-INFO-MailParser-Начата обработка письма mail_0048.txt
2026-06-01 23:14:21,134-INFO-MailParser-Формат файла .txt
2026-06-01 23:14:21,134-INFO-MailParser-Файл mail_0048.txt в текстовом формате обработан
2026-06-01 23:14:21,134-INFO-MailParser-Файл отправлен в текстовый парсер
2026-06-01 23:14:21,134-INFO-MailParser-Начат анализ текста письма
2026-06-01 23:14:21,134-INFO-MailParser-Разбор письма завершён
2026-06-01 23:14:21,134-INFO-MailParser-Письмо mail_0048.txt обработано
2026-06-01 23:14:21,134-INFO-MailParser-Начало классификации письма
2026-06-01 23:14:21,134-INFO-MailParser-Письмо классифицировано в incidents
2026-06-01 23:14:21,134-INFO-MailParser-Письмо mail_0048.txt классифицировано в incidents
2026-06-01 23:14:21,134-INFO-MailParser-Письмо скопировано inbox/mail_0048.txt -> output/incidents/mail_0048.txt
2026-06-01 23:14:21,134-INFO-MailParser-Начата обработка письма mail_0074.txt
2026-06-01 23:14:21,134-INFO-MailParser-Формат файла .txt
2026-06-01 23:14:21,135-INFO-MailParser-Файл mail_0074.txt в текстовом формате обработан
2026-06-01 23:14:21,135-INFO-MailParser-Файл отправлен в текстовый парсер
2026-06-01 23:14:21,135-INFO-MailParser-Начат анализ текста письма
2026-06-01 23:14:21,135-INFO-MailParser-Разбор письма завершён
2026-06-01 23:14:21,135-INFO-MailParser-Письмо mail_0074.txt обработано
2026-06-01 23:14:21,135-INFO-MailParser-Начало классификации письма
2026-06-01 23:14:21,135-INFO-MailParser-Письмо классифицировано в incidents
2026-06-01 23:14:21,135-INFO-MailParser-Письмо mail_0074.txt классифицировано в incidents
2026-06-01 23:14:21,135-INFO-MailParser-Письмо скопировано inbox/mail_0074.txt -> output/incidents/mail_0074.txt
2026-06-01 23:14:21,135-INFO-MailParser-Начата обработка письма mail_0060.txt
2026-06-01 23:14:21,135-INFO-MailParser-Формат файла .txt
2026-06-01 23:14:21,135-INFO-MailParser-Файл mail_0060.txt в текстовом формате обработан
2026-06-01 23:14:21,135-INFO-MailParser-Файл отправлен в текстовый парсер
2026-06-01 23:14:21,135-INFO-MailParser-Начат анализ текста письма
2026-06-01 23:14:21,135-INFO-MailParser-Разбор письма завершён
2026-06-01 23:14:21,135-INFO-MailParser-Письмо mail_0060.txt обработано
2026-06-01 23:14:21,135-INFO-MailParser-Начало классификации письма
2026-06-01 23:14:21,135-INFO-MailParser-Письмо классифицировано в incidents
2026-06-01 23:14:21,135-INFO-MailParser-Письмо mail_0060.txt классифицировано в incidents
2026-06-01 23:14:21,135-INFO-MailParser-Письмо скопировано inbox/mail_0060.txt -> output/incidents/mail_0060.txt
2026-06-01 23:14:21,135-INFO-MailParser-Начата обработка письма mail_0100.txt
2026-06-01 23:14:21,135-INFO-MailParser-Формат файла .txt
2026-06-01 23:14:21,135-INFO-MailParser-Файл mail_0100.txt в текстовом формате обработан
2026-06-01 23:14:21,135-INFO-MailParser-Файл отправлен в текстовый парсер
2026-06-01 23:14:21,135-INFO-MailParser-Начат анализ текста письма
2026-06-01 23:14:21,135-INFO-MailParser-Разбор письма завершён
2026-06-01 23:14:21,135-INFO-MailParser-Письмо mail_0100.txt обработано
2026-06-01 23:14:21,135-INFO-MailParser-Начало классификации письма
2026-06-01 23:14:21,135-INFO-MailParser-Письмо классифицировано в incidents
2026-06-01 23:14:21,135-INFO-MailParser-Письмо mail_0100.txt классифицировано в incidents
2026-06-01 23:14:21,135-INFO-MailParser-Письмо скопировано inbox/mail_0100.txt -> output/incidents/mail_0100.txt
2026-06-01 23:14:21,135-INFO-MailParser-Начата обработка письма mail_0102.txt
2026-06-01 23:14:21,135-INFO-MailParser-Формат файла .txt
2026-06-01 23:14:21,135-INFO-MailParser-Файл mail_0102.txt в текстовом формате обработан
2026-06-01 23:14:21,135-INFO-MailParser-Файл отправлен в текстовый парсер
2026-06-01 23:14:21,135-INFO-MailParser-Начат анализ текста письма
2026-06-01 23:14:21,135-INFO-MailParser-Разбор письма завершён
2026-06-01 23:14:21,135-INFO-MailParser-Письмо mail_0102.txt обработано
2026-06-01 23:14:21,135-INFO-MailParser-Начало классификации письма
2026-06-01 23:14:21,135-INFO-MailParser-Письмо классифицировано в request
2026-06-01 23:14:21,136-INFO-MailParser-Письмо mail_0102.txt классифицировано в request
2026-06-01 23:14:21,136-INFO-MailParser-Письмо скопировано inbox/mail_0102.txt -> output/request/mail_0102.txt
2026-06-01 23:14:21,136-INFO-MailParser-Начата обработка письма mail_0089.txt
2026-06-01 23:14:21,136-INFO-MailParser-Формат файла .txt
2026-06-01 23:14:21,136-INFO-MailParser-Файл mail_0089.txt в текстовом формате обработан
2026-06-01 23:14:21,136-INFO-MailParser-Файл отправлен в текстовый парсер
2026-06-01 23:14:21,136-INFO-MailParser-Начат анализ текста письма
2026-06-01 23:14:21,136-INFO-MailParser-Разбор письма завершён
2026-06-01 23:14:21,136-INFO-MailParser-Письмо mail_0089.txt обработано
2026-06-01 23:14:21,136-INFO-MailParser-Начало классификации письма
2026-06-01 23:14:21,136-INFO-MailParser-Письмо классифицировано в request
2026-06-01 23:14:21,136-INFO-MailParser-Письмо mail_0089.txt классифицировано в request
2026-06-01 23:14:21,136-INFO-MailParser-Письмо скопировано inbox/mail_0089.txt -> output/request/mail_0089.txt
2026-06-01 23:14:21,136-INFO-MailParser-Начата обработка письма mail_0076.txt
2026-06-01 23:14:21,136-INFO-MailParser-Формат файла .txt
2026-06-01 23:14:21,136-INFO-MailParser-Файл mail_0076.txt в текстовом формате обработан
2026-06-01 23:14:21,136-INFO-MailParser-Файл отправлен в текстовый парсер
2026-06-01 23:14:21,136-INFO-MailParser-Начат анализ текста письма
2026-06-01 23:14:21,136-INFO-MailParser-Разбор письма завершён
2026-06-01 23:14:21,136-INFO-MailParser-Письмо mail_0076.txt обработано
2026-06-01 23:14:21,136-INFO-MailParser-Начало классификации письма
2026-06-01 23:14:21,136-INFO-MailParser-Письмо классифицировано в request
2026-06-01 23:14:21,136-INFO-MailParser-Письмо mail_0076.txt классифицировано в request
2026-06-01 23:14:21,136-INFO-MailParser-Письмо скопировано inbox/mail_0076.txt -> output/request/mail_0076.txt
2026-06-01 23:14:21,136-INFO-MailParser-Начата обработка письма mail_0062.txt
2026-06-01 23:14:21,136-INFO-MailParser-Формат файла .txt
2026-06-01 23:14:21,136-INFO-MailParser-Файл mail_0062.txt в текстовом формате обработан
2026-06-01 23:14:21,136-INFO-MailParser-Файл отправлен в текстовый парсер
2026-06-01 23:14:21,136-INFO-MailParser-Начат анализ текста письма
2026-06-01 23:14:21,136-INFO-MailParser-Разбор письма завершён
2026-06-01 23:14:21,136-INFO-MailParser-Письмо mail_0062.txt обработано
2026-06-01 23:14:21,136-INFO-MailParser-Начало классификации письма
2026-06-01 23:14:21,136-INFO-MailParser-Письмо классифицировано в finance
2026-06-01 23:14:21,136-INFO-MailParser-Письмо mail_0062.txt классифицировано в finance
2026-06-01 23:14:21,137-INFO-MailParser-Письмо скопировано inbox/mail_0062.txt -> output/finance/mail_0062.txt
2026-06-01 23:14:21,137-INFO-MailParser-Начата обработка письма mail_0063.txt
2026-06-01 23:14:21,137-INFO-MailParser-Формат файла .txt
2026-06-01 23:14:21,137-INFO-MailParser-Файл mail_0063.txt в текстовом формате обработан
2026-06-01 23:14:21,137-INFO-MailParser-Файл отправлен в текстовый парсер
2026-06-01 23:14:21,137-INFO-MailParser-Начат анализ текста письма
2026-06-01 23:14:21,137-INFO-MailParser-Разбор письма завершён
2026-06-01 23:14:21,137-INFO-MailParser-Письмо mail_0063.txt обработано
2026-06-01 23:14:21,137-INFO-MailParser-Начало классификации письма
2026-06-01 23:14:21,137-INFO-MailParser-Письмо классифицировано в request
2026-06-01 23:14:21,137-INFO-MailParser-Письмо mail_0063.txt классифицировано в request
2026-06-01 23:14:21,137-INFO-MailParser-Письмо скопировано inbox/mail_0063.txt -> output/request/mail_0063.txt
2026-06-01 23:14:21,137-INFO-MailParser-Начата обработка письма mail_0077.txt
2026-06-01 23:14:21,137-INFO-MailParser-Формат файла .txt
2026-06-01 23:14:21,137-INFO-MailParser-Файл mail_0077.txt в текстовом формате обработан
2026-06-01 23:14:21,137-INFO-MailParser-Файл отправлен в текстовый парсер
2026-06-01 23:14:21,137-INFO-MailParser-Начат анализ текста письма
2026-06-01 23:14:21,137-INFO-MailParser-Разбор письма завершён
2026-06-01 23:14:21,137-INFO-MailParser-Письмо mail_0077.txt обработано
2026-06-01 23:14:21,137-INFO-MailParser-Начало классификации письма
2026-06-01 23:14:21,137-INFO-MailParser-Письмо классифицировано в request
2026-06-01 23:14:21,137-INFO-MailParser-Письмо mail_0077.txt классифицировано в request
2026-06-01 23:14:21,137-INFO-MailParser-Письмо скопировано inbox/mail_0077.txt -> output/request/mail_0077.txt
2026-06-01 23:14:21,137-INFO-MailParser-Начата обработка письма mail_0088.txt
2026-06-01 23:14:21,137-INFO-MailParser-Формат файла .txt
2026-06-01 23:14:21,137-INFO-MailParser-Файл mail_0088.txt в текстовом формате обработан
2026-06-01 23:14:21,137-INFO-MailParser-Файл отправлен в текстовый парсер
2026-06-01 23:14:21,137-INFO-MailParser-Начат анализ текста письма
2026-06-01 23:14:21,137-INFO-MailParser-Разбор письма завершён
2026-06-01 23:14:21,137-INFO-MailParser-Письмо mail_0088.txt обработано
2026-06-01 23:14:21,137-INFO-MailParser-Начало классификации письма
2026-06-01 23:14:21,137-INFO-MailParser-Письмо классифицировано в incidents
2026-06-01 23:14:21,137-INFO-MailParser-Письмо mail_0088.txt классифицировано в incidents
2026-06-01 23:14:21,137-INFO-MailParser-Письмо скопировано inbox/mail_0088.txt -> output/incidents/mail_0088.txt
2026-06-01 23:14:21,137-INFO-MailParser-Начата обработка письма mail_0103.txt
2026-06-01 23:14:21,137-INFO-MailParser-Формат файла .txt
2026-06-01 23:14:21,137-INFO-MailParser-Файл mail_0103.txt в текстовом формате обработан
2026-06-01 23:14:21,137-INFO-MailParser-Файл отправлен в текстовый парсер
2026-06-01 23:14:21,137-INFO-MailParser-Начат анализ текста письма
2026-06-01 23:14:21,137-INFO-MailParser-Разбор письма завершён
2026-06-01 23:14:21,137-INFO-MailParser-Письмо mail_0103.txt обработано
2026-06-01 23:14:21,138-INFO-MailParser-Начало классификации письма
2026-06-01 23:14:21,138-WARNING-MailParser-У письма отсутствуют тема и текст. Назначена категория: unknown
2026-06-01 23:14:21,138-INFO-MailParser-Письмо mail_0103.txt классифицировано в unknown
2026-06-01 23:14:21,138-INFO-MailParser-Письмо скопировано inbox/mail_0103.txt -> output/unknown/mail_0103.txt
